<?xml version="1.0" encoding="UTF-8"?>
<coverage generated="1658852009024" clover="3.2.0">
  <project timestamp="1658852009025" name="All files">
    <metrics statements="215" coveredstatements="202" conditionals="65" coveredconditionals="51" methods="85" coveredmethods="74" elements="365" coveredelements="327" complexity="0" loc="215" ncloc="215" packages="19" files="28" classes="28"/>
    <package name="components.Auth">
      <metrics statements="19" coveredstatements="19" conditionals="2" coveredconditionals="2" methods="6" coveredmethods="5"/>
      <file name="Auth.tsx" path="C:\Users\Dmitriy\Desktop\Education\ReactLearnOtus\src\components\Auth\Auth.tsx">
        <metrics statements="2" coveredstatements="2" conditionals="0" coveredconditionals="0" methods="1" coveredmethods="1"/>
        <line num="13" count="2" type="stmt"/>
        <line num="14" count="11" type="stmt"/>
      </file>
      <file name="AuthContainer.tsx" path="C:\Users\Dmitriy\Desktop\Education\ReactLearnOtus\src\components\Auth\AuthContainer.tsx">
        <metrics statements="10" coveredstatements="10" conditionals="2" coveredconditionals="2" methods="2" coveredmethods="2"/>
        <line num="8" count="1" type="stmt"/>
        <line num="9" count="9" type="stmt"/>
        <line num="10" count="9" type="stmt"/>
        <line num="11" count="9" type="stmt"/>
        <line num="13" count="9" type="stmt"/>
        <line num="15" count="9" type="stmt"/>
        <line num="16" count="1" type="stmt"/>
        <line num="17" count="1" type="stmt"/>
        <line num="18" count="1" type="cond" truecount="2" falsecount="0"/>
        <line num="21" count="9" type="stmt"/>
      </file>
      <file name="AuthProvider.tsx" path="C:\Users\Dmitriy\Desktop\Education\ReactLearnOtus\src\components\Auth\AuthProvider.tsx">
        <metrics statements="7" coveredstatements="7" conditionals="0" coveredconditionals="0" methods="3" coveredmethods="2"/>
        <line num="17" count="3" type="stmt"/>
        <line num="20" count="3" type="stmt"/>
        <line num="23" count="4" type="stmt"/>
        <line num="24" count="4" type="stmt"/>
        <line num="26" count="4" type="stmt"/>
        <line num="27" count="4" type="stmt"/>
        <line num="29" count="4" type="stmt"/>
      </file>
    </package>
    <package name="components.HeaderWrap.Header">
      <metrics statements="3" coveredstatements="3" conditionals="3" coveredconditionals="2" methods="1" coveredmethods="1"/>
      <file name="index.tsx" path="C:\Users\Dmitriy\Desktop\Education\ReactLearnOtus\src\components\HeaderWrap\Header\index.tsx">
        <metrics statements="3" coveredstatements="3" conditionals="3" coveredconditionals="2" methods="1" coveredmethods="1"/>
        <line num="11" count="1" type="cond" truecount="0" falsecount="1"/>
        <line num="12" count="4" type="stmt"/>
        <line num="14" count="4" type="stmt"/>
      </file>
    </package>
    <package name="components.Main.Card">
      <metrics statements="2" coveredstatements="2" conditionals="4" coveredconditionals="4" methods="1" coveredmethods="1"/>
      <file name="index.tsx" path="C:\Users\Dmitriy\Desktop\Education\ReactLearnOtus\src\components\Main\Card\index.tsx">
        <metrics statements="2" coveredstatements="2" conditionals="4" coveredconditionals="4" methods="1" coveredmethods="1"/>
        <line num="12" count="3" type="stmt"/>
        <line num="18" count="291" type="stmt"/>
      </file>
    </package>
    <package name="components.Main.Cards">
      <metrics statements="18" coveredstatements="18" conditionals="13" coveredconditionals="8" methods="6" coveredmethods="6"/>
      <file name="Cards.tsx" path="C:\Users\Dmitriy\Desktop\Education\ReactLearnOtus\src\components\Main\Cards\Cards.tsx">
        <metrics statements="5" coveredstatements="5" conditionals="9" coveredconditionals="6" methods="4" coveredmethods="4"/>
        <line num="20" count="2" type="stmt"/>
        <line num="31" count="32" type="stmt"/>
        <line num="52" count="96" type="stmt"/>
        <line num="53" count="288" type="stmt"/>
        <line num="61" count="11" type="stmt"/>
      </file>
      <file name="CardsContainer.tsx" path="C:\Users\Dmitriy\Desktop\Education\ReactLearnOtus\src\components\Main\Cards\CardsContainer.tsx">
        <metrics statements="13" coveredstatements="13" conditionals="4" coveredconditionals="2" methods="2" coveredmethods="2"/>
        <line num="14" count="1" type="stmt"/>
        <line num="15" count="21" type="stmt"/>
        <line num="16" count="21" type="stmt"/>
        <line num="17" count="21" type="stmt"/>
        <line num="18" count="21" type="stmt"/>
        <line num="19" count="21" type="stmt"/>
        <line num="20" count="21" type="stmt"/>
        <line num="21" count="21" type="stmt"/>
        <line num="28" count="21" type="stmt"/>
        <line num="29" count="21" type="stmt"/>
        <line num="31" count="21" type="stmt"/>
        <line num="32" count="8" type="stmt"/>
        <line num="39" count="21" type="stmt"/>
      </file>
    </package>
    <package name="components.Main.Form">
      <metrics statements="17" coveredstatements="15" conditionals="0" coveredconditionals="0" methods="6" coveredmethods="5"/>
      <file name="Form.tsx" path="C:\Users\Dmitriy\Desktop\Education\ReactLearnOtus\src\components\Main\Form\Form.tsx">
        <metrics statements="3" coveredstatements="3" conditionals="0" coveredconditionals="0" methods="2" coveredmethods="2"/>
        <line num="20" count="2" type="stmt"/>
        <line num="21" count="13" type="stmt"/>
        <line num="38" count="130" type="stmt"/>
      </file>
      <file name="FormContainer.tsx" path="C:\Users\Dmitriy\Desktop\Education\ReactLearnOtus\src\components\Main\Form\FormContainer.tsx">
        <metrics statements="14" coveredstatements="12" conditionals="0" coveredconditionals="0" methods="4" coveredmethods="3"/>
        <line num="17" count="1" type="stmt"/>
        <line num="18" count="11" type="stmt"/>
        <line num="19" count="11" type="stmt"/>
        <line num="20" count="11" type="stmt"/>
        <line num="21" count="11" type="stmt"/>
        <line num="22" count="11" type="stmt"/>
        <line num="24" count="11" type="stmt"/>
        <line num="25" count="7" type="stmt"/>
        <line num="28" count="11" type="stmt"/>
        <line num="30" count="0" type="stmt"/>
        <line num="31" count="0" type="stmt"/>
        <line num="41" count="11" type="stmt"/>
        <line num="42" count="11" type="stmt"/>
        <line num="48" count="11" type="stmt"/>
      </file>
    </package>
    <package name="components.ui">
      <metrics statements="2" coveredstatements="2" conditionals="2" coveredconditionals="2" methods="1" coveredmethods="1"/>
      <file name="Button.tsx" path="C:\Users\Dmitriy\Desktop\Education\ReactLearnOtus\src\components\ui\Button.tsx">
        <metrics statements="2" coveredstatements="2" conditionals="2" coveredconditionals="2" methods="1" coveredmethods="1"/>
        <line num="15" count="7" type="stmt"/>
        <line num="22" count="61" type="stmt"/>
      </file>
    </package>
    <package name="helpers">
      <metrics statements="42" coveredstatements="42" conditionals="17" coveredconditionals="11" methods="17" coveredmethods="17"/>
      <file name="const.ts" path="C:\Users\Dmitriy\Desktop\Education\ReactLearnOtus\src\helpers\const.ts">
        <metrics statements="4" coveredstatements="4" conditionals="0" coveredconditionals="0" methods="0" coveredmethods="0"/>
        <line num="1" count="8" type="stmt"/>
        <line num="2" count="8" type="stmt"/>
        <line num="3" count="8" type="stmt"/>
        <line num="7" count="8" type="stmt"/>
      </file>
      <file name="play.ts" path="C:\Users\Dmitriy\Desktop\Education\ReactLearnOtus\src\helpers\play.ts">
        <metrics statements="38" coveredstatements="38" conditionals="17" coveredconditionals="11" methods="17" coveredmethods="17"/>
        <line num="6" count="3" type="cond" truecount="1" falsecount="1"/>
        <line num="8" count="7" type="stmt"/>
        <line num="10" count="7" type="stmt"/>
        <line num="12" count="7" type="stmt"/>
        <line num="14" count="7" type="stmt"/>
        <line num="15" count="25" type="stmt"/>
        <line num="16" count="101" type="stmt"/>
        <line num="17" count="101" type="cond" truecount="2" falsecount="0"/>
        <line num="18" count="101" type="stmt"/>
        <line num="22" count="7" type="stmt"/>
        <line num="24" count="7" type="stmt"/>
        <line num="25" count="25" type="stmt"/>
        <line num="26" count="101" type="stmt"/>
        <line num="27" count="53" type="stmt"/>
        <line num="29" count="7" type="stmt"/>
        <line num="35" count="3" type="cond" truecount="0" falsecount="1"/>
        <line num="36" count="31" type="stmt"/>
        <line num="37" count="121" type="stmt"/>
        <line num="46" count="3" type="stmt"/>
        <line num="47" count="104" type="stmt"/>
        <line num="54" count="3" type="stmt"/>
        <line num="59" count="10" type="cond" truecount="3" falsecount="0"/>
        <line num="61" count="1" type="stmt"/>
        <line num="65" count="1" type="stmt"/>
        <line num="67" count="2" type="stmt"/>
        <line num="68" count="2" type="stmt"/>
        <line num="70" count="7" type="stmt"/>
        <line num="72" count="10" type="stmt"/>
        <line num="79" count="3" type="stmt"/>
        <line num="80" count="107" type="stmt"/>
        <line num="83" count="3" type="stmt"/>
        <line num="86" count="10" type="stmt"/>
        <line num="87" count="10" type="stmt"/>
        <line num="92" count="40" type="cond" truecount="4" falsecount="0"/>
        <line num="104" count="3" type="cond" truecount="0" falsecount="2"/>
        <line num="105" count="5" type="stmt"/>
        <line num="106" count="30" type="stmt"/>
        <line num="108" count="16" type="stmt"/>
      </file>
    </package>
    <package name="hooks">
      <metrics statements="37" coveredstatements="35" conditionals="20" coveredconditionals="18" methods="11" coveredmethods="10"/>
      <file name="useAppDispatch.ts" path="C:\Users\Dmitriy\Desktop\Education\ReactLearnOtus\src\hooks\useAppDispatch.ts">
        <metrics statements="2" coveredstatements="2" conditionals="0" coveredconditionals="0" methods="1" coveredmethods="1"/>
        <line num="4" count="36" type="stmt"/>
        <line num="5" count="5" type="stmt"/>
      </file>
      <file name="useGame.ts" path="C:\Users\Dmitriy\Desktop\Education\ReactLearnOtus\src\hooks\useGame.ts">
        <metrics statements="24" coveredstatements="22" conditionals="16" coveredconditionals="15" methods="8" coveredmethods="7"/>
        <line num="30" count="2" type="stmt"/>
        <line num="37" count="26" type="stmt"/>
        <line num="39" count="26" type="stmt"/>
        <line num="40" count="1" type="cond" truecount="1" falsecount="1"/>
        <line num="41" count="0" type="stmt"/>
        <line num="43" count="1" type="stmt"/>
        <line num="44" count="1" type="stmt"/>
        <line num="50" count="26" type="stmt"/>
        <line num="51" count="21" type="cond" truecount="2" falsecount="0"/>
        <line num="56" count="9" type="cond" truecount="2" falsecount="0"/>
        <line num="57" count="1" type="stmt"/>
        <line num="58" count="1" type="stmt"/>
        <line num="60" count="1" type="stmt"/>
        <line num="61" count="1" type="stmt"/>
        <line num="63" count="2" type="stmt"/>
        <line num="67" count="26" type="stmt"/>
        <line num="69" count="11" type="cond" truecount="4" falsecount="0"/>
        <line num="70" count="2" type="stmt"/>
        <line num="72" count="9" type="stmt"/>
        <line num="77" count="26" type="stmt"/>
        <line num="78" count="0" type="stmt"/>
        <line num="81" count="26" type="stmt"/>
        <line num="82" count="1" type="stmt"/>
        <line num="85" count="26" type="stmt"/>
      </file>
      <file name="useInput.ts" path="C:\Users\Dmitriy\Desktop\Education\ReactLearnOtus\src\hooks\useInput.ts">
        <metrics statements="11" coveredstatements="11" conditionals="4" coveredconditionals="3" methods="2" coveredmethods="2"/>
        <line num="3" count="2" type="stmt"/>
        <line num="6" count="31" type="stmt"/>
        <line num="8" count="31" type="stmt"/>
        <line num="10" count="16" type="cond" truecount="2" falsecount="0"/>
        <line num="11" count="8" type="stmt"/>
        <line num="12" count="8" type="stmt"/>
        <line num="14" count="8" type="cond" truecount="1" falsecount="1"/>
        <line num="15" count="8" type="stmt"/>
        <line num="16" count="8" type="stmt"/>
        <line num="17" count="8" type="stmt"/>
        <line num="23" count="31" type="stmt"/>
      </file>
    </package>
    <package name="mocks">
      <metrics statements="1" coveredstatements="1" conditionals="0" coveredconditionals="0" methods="0" coveredmethods="0"/>
      <file name="cards.ts" path="C:\Users\Dmitriy\Desktop\Education\ReactLearnOtus\src\mocks\cards.ts">
        <metrics statements="1" coveredstatements="1" conditionals="0" coveredconditionals="0" methods="0" coveredmethods="0"/>
        <line num="3" count="2" type="stmt"/>
      </file>
    </package>
    <package name="store">
      <metrics statements="6" coveredstatements="6" conditionals="0" coveredconditionals="0" methods="0" coveredmethods="0"/>
      <file name="store.ts" path="C:\Users\Dmitriy\Desktop\Education\ReactLearnOtus\src\store\store.ts">
        <metrics statements="6" coveredstatements="6" conditionals="0" coveredconditionals="0" methods="0" coveredmethods="0"/>
        <line num="8" count="4" type="stmt"/>
        <line num="13" count="4" type="stmt"/>
        <line num="18" count="4" type="stmt"/>
        <line num="20" count="4" type="stmt"/>
        <line num="25" count="4" type="stmt"/>
        <line num="27" count="4" type="stmt"/>
      </file>
    </package>
    <package name="store.middlewares">
      <metrics statements="5" coveredstatements="5" conditionals="0" coveredconditionals="0" methods="3" coveredmethods="3"/>
      <file name="locaStorageMiddleware.ts" path="C:\Users\Dmitriy\Desktop\Education\ReactLearnOtus\src\store\middlewares\locaStorageMiddleware.ts">
        <metrics statements="5" coveredstatements="5" conditionals="0" coveredconditionals="0" methods="3" coveredmethods="3"/>
        <line num="4" count="1" type="stmt"/>
        <line num="5" count="1" type="stmt"/>
        <line num="6" count="1" type="stmt"/>
        <line num="7" count="1" type="stmt"/>
        <line num="8" count="1" type="stmt"/>
      </file>
    </package>
    <package name="store.reducers">
      <metrics statements="2" coveredstatements="2" conditionals="0" coveredconditionals="0" methods="0" coveredmethods="0"/>
      <file name="rootReducer.ts" path="C:\Users\Dmitriy\Desktop\Education\ReactLearnOtus\src\store\reducers\rootReducer.ts">
        <metrics statements="2" coveredstatements="2" conditionals="0" coveredconditionals="0" methods="0" coveredmethods="0"/>
        <line num="7" count="4" type="stmt"/>
        <line num="12" count="4" type="stmt"/>
      </file>
    </package>
    <package name="store.reducers.auth">
      <metrics statements="6" coveredstatements="6" conditionals="0" coveredconditionals="0" methods="3" coveredmethods="3"/>
      <file name="authSlice.ts" path="C:\Users\Dmitriy\Desktop\Education\ReactLearnOtus\src\store\reducers\auth\authSlice.ts">
        <metrics statements="5" coveredstatements="5" conditionals="0" coveredconditionals="0" methods="2" coveredmethods="2"/>
        <line num="9" count="7" type="stmt"/>
        <line num="15" count="7" type="stmt"/>
        <line num="20" count="2" type="stmt"/>
        <line num="23" count="1" type="stmt"/>
        <line num="28" count="7" type="stmt"/>
      </file>
      <file name="selector.ts" path="C:\Users\Dmitriy\Desktop\Education\ReactLearnOtus\src\store\reducers\auth\selector.ts">
        <metrics statements="1" coveredstatements="1" conditionals="0" coveredconditionals="0" methods="1" coveredmethods="1"/>
        <line num="3" count="4" type="stmt"/>
      </file>
    </package>
    <package name="store.reducers.game">
      <metrics statements="32" coveredstatements="26" conditionals="0" coveredconditionals="0" methods="21" coveredmethods="15"/>
      <file name="gameSlice.ts" path="C:\Users\Dmitriy\Desktop\Education\ReactLearnOtus\src\store\reducers\game\gameSlice.ts">
        <metrics statements="25" coveredstatements="19" conditionals="0" coveredconditionals="0" methods="14" coveredmethods="10"/>
        <line num="13" count="8" type="stmt"/>
        <line num="29" count="8" type="stmt"/>
        <line num="37" count="1" type="stmt"/>
        <line num="40" count="0" type="stmt"/>
        <line num="43" count="0" type="stmt"/>
        <line num="46" count="2" type="stmt"/>
        <line num="52" count="2" type="stmt"/>
        <line num="55" count="1" type="stmt"/>
        <line num="58" count="0" type="stmt"/>
        <line num="61" count="9" type="stmt"/>
        <line num="64" count="0" type="stmt"/>
        <line num="65" count="0" type="stmt"/>
        <line num="66" count="0" type="stmt"/>
        <line num="69" count="1" type="stmt"/>
        <line num="70" count="1" type="stmt"/>
        <line num="71" count="1" type="stmt"/>
        <line num="74" count="1" type="stmt"/>
        <line num="75" count="1" type="stmt"/>
        <line num="76" count="1" type="stmt"/>
        <line num="79" count="3" type="stmt"/>
        <line num="80" count="3" type="stmt"/>
        <line num="81" count="3" type="stmt"/>
        <line num="84" count="1" type="stmt"/>
        <line num="87" count="1" type="stmt"/>
        <line num="107" count="8" type="stmt"/>
      </file>
      <file name="selectors.ts" path="C:\Users\Dmitriy\Desktop\Education\ReactLearnOtus\src\store\reducers\game\selectors.ts">
        <metrics statements="7" coveredstatements="7" conditionals="0" coveredconditionals="0" methods="7" coveredmethods="5"/>
        <line num="3" count="2" type="stmt"/>
        <line num="4" count="38" type="stmt"/>
        <line num="5" count="45" type="stmt"/>
        <line num="6" count="20" type="stmt"/>
        <line num="7" count="46" type="stmt"/>
        <line num="8" count="2" type="stmt"/>
        <line num="9" count="53" type="stmt"/>
      </file>
    </package>
    <package name="store.saga">
      <metrics statements="1" coveredstatements="1" conditionals="0" coveredconditionals="0" methods="1" coveredmethods="1"/>
      <file name="rootSaga.ts" path="C:\Users\Dmitriy\Desktop\Education\ReactLearnOtus\src\store\saga\rootSaga.ts">
        <metrics statements="1" coveredstatements="1" conditionals="0" coveredconditionals="0" methods="1" coveredmethods="1"/>
        <line num="6" count="4" type="stmt"/>
      </file>
    </package>
    <package name="store.saga.actions">
      <metrics statements="2" coveredstatements="2" conditionals="0" coveredconditionals="0" methods="0" coveredmethods="0"/>
      <file name="types.ts" path="C:\Users\Dmitriy\Desktop\Education\ReactLearnOtus\src\store\saga\actions\types.ts">
        <metrics statements="2" coveredstatements="2" conditionals="0" coveredconditionals="0" methods="0" coveredmethods="0"/>
        <line num="1" count="8" type="stmt"/>
        <line num="2" count="8" type="stmt"/>
      </file>
    </package>
    <package name="store.saga.auth">
      <metrics statements="3" coveredstatements="3" conditionals="0" coveredconditionals="0" methods="2" coveredmethods="2"/>
      <file name="authSaga.ts" path="C:\Users\Dmitriy\Desktop\Education\ReactLearnOtus\src\store\saga\auth\authSaga.ts">
        <metrics statements="3" coveredstatements="3" conditionals="0" coveredconditionals="0" methods="2" coveredmethods="2"/>
        <line num="7" count="5" type="stmt"/>
        <line num="8" count="1" type="stmt"/>
        <line num="9" count="1" type="stmt"/>
      </file>
    </package>
    <package name="store.saga.game">
      <metrics statements="11" coveredstatements="8" conditionals="0" coveredconditionals="0" methods="4" coveredmethods="2"/>
      <file name="gameSaga.ts" path="C:\Users\Dmitriy\Desktop\Education\ReactLearnOtus\src\store\saga\game\gameSaga.ts">
        <metrics statements="11" coveredstatements="8" conditionals="0" coveredconditionals="0" methods="4" coveredmethods="2"/>
        <line num="16" count="0" type="stmt"/>
        <line num="20" count="5" type="stmt"/>
        <line num="28" count="1" type="stmt"/>
        <line num="29" count="1" type="stmt"/>
        <line num="30" count="1" type="stmt"/>
        <line num="31" count="1" type="stmt"/>
        <line num="32" count="1" type="stmt"/>
        <line num="33" count="1" type="stmt"/>
        <line num="34" count="1" type="stmt"/>
        <line num="40" count="0" type="stmt"/>
        <line num="41" count="0" type="stmt"/>
      </file>
    </package>
    <package name="test">
      <metrics statements="6" coveredstatements="6" conditionals="4" coveredconditionals="4" methods="2" coveredmethods="2"/>
      <file name="helpers.tsx" path="C:\Users\Dmitriy\Desktop\Education\ReactLearnOtus\src\test\helpers.tsx">
        <metrics statements="6" coveredstatements="6" conditionals="4" coveredconditionals="4" methods="2" coveredmethods="2"/>
        <line num="11" count="4" type="stmt"/>
        <line num="15" count="4" type="stmt"/>
        <line num="20" count="22" type="cond" truecount="2" falsecount="0"/>
        <line num="21" count="22" type="stmt"/>
        <line num="22" count="22" type="stmt"/>
        <line num="29" count="22" type="stmt"/>
      </file>
    </package>
  </project>
</coverage>
