{"C:\\Users\\Dmitriy\\Desktop\\Education\\ReactLearnOtus\\src\\components\\Auth\\Auth.tsx": {"path":"C:\\Users\\Dmitriy\\Desktop\\Education\\ReactLearnOtus\\src\\components\\Auth\\Auth.tsx","statementMap":{"0":{"start":{"line":13,"column":41},"end":{"line":35,"column":1}},"1":{"start":{"line":14,"column":2},"end":{"line":34,"column":4}}},"fnMap":{"0":{"name":"(anonymous_0)","decl":{"start":{"line":13,"column":41},"end":{"line":13,"column":42}},"loc":{"start":{"line":13,"column":76},"end":{"line":35,"column":1}},"line":13}},"branchMap":{},"s":{"0":2,"1":11},"f":{"0":11},"b":{},"_coverageSchema":"1a1c01bbd47fc00a2c39e90264f33305004495a9","hash":"be97b345debf25526e247c2817024ff02395bfee"}
,"C:\\Users\\Dmitriy\\Desktop\\Education\\ReactLearnOtus\\src\\components\\Auth\\AuthContainer.tsx": {"path":"C:\\Users\\Dmitriy\\Desktop\\Education\\ReactLearnOtus\\src\\components\\Auth\\AuthContainer.tsx","statementMap":{"0":{"start":{"line":8,"column":39},"end":{"line":22,"column":1}},"1":{"start":{"line":9,"column":20},"end":{"line":9,"column":51}},"2":{"start":{"line":10,"column":19},"end":{"line":10,"column":32}},"3":{"start":{"line":11,"column":19},"end":{"line":11,"column":32}},"4":{"start":{"line":13,"column":30},"end":{"line":13,"column":42}},"5":{"start":{"line":15,"column":19},"end":{"line":19,"column":46}},"6":{"start":{"line":16,"column":18},"end":{"line":16,"column":51}},"7":{"start":{"line":17,"column":4},"end":{"line":17,"column":17}},"8":{"start":{"line":18,"column":4},"end":{"line":18,"column":33}},"9":{"start":{"line":21,"column":2},"end":{"line":21,"column":72}}},"fnMap":{"0":{"name":"(anonymous_0)","decl":{"start":{"line":8,"column":39},"end":{"line":8,"column":40}},"loc":{"start":{"line":8,"column":47},"end":{"line":22,"column":1}},"line":8},"1":{"name":"(anonymous_1)","decl":{"start":{"line":15,"column":31},"end":{"line":15,"column":32}},"loc":{"start":{"line":15,"column":37},"end":{"line":19,"column":3}},"line":15}},"branchMap":{"0":{"loc":{"start":{"line":18,"column":13},"end":{"line":18,"column":31}},"type":"binary-expr","locations":[{"start":{"line":18,"column":13},"end":{"line":18,"column":24}},{"start":{"line":18,"column":28},"end":{"line":18,"column":31}}],"line":18}},"s":{"0":1,"1":9,"2":9,"3":9,"4":9,"5":9,"6":1,"7":1,"8":1,"9":9},"f":{"0":9,"1":1},"b":{"0":[1,1]},"_coverageSchema":"1a1c01bbd47fc00a2c39e90264f33305004495a9","hash":"2e42eb3e98cab883e59bbd8c104b7942a8948485"}
,"C:\\Users\\Dmitriy\\Desktop\\Education\\ReactLearnOtus\\src\\components\\Auth\\AuthProvider.tsx": {"path":"C:\\Users\\Dmitriy\\Desktop\\Education\\ReactLearnOtus\\src\\components\\Auth\\AuthProvider.tsx","statementMap":{"0":{"start":{"line":17,"column":35},"end":{"line":19,"column":1}},"1":{"start":{"line":20,"column":66},"end":{"line":34,"column":1}},"2":{"start":{"line":23,"column":19},"end":{"line":23,"column":35}},"3":{"start":{"line":24,"column":15},"end":{"line":24,"column":47}},"4":{"start":{"line":26,"column":15},"end":{"line":26,"column":79}},"5":{"start":{"line":26,"column":45},"end":{"line":26,"column":66}},"6":{"start":{"line":27,"column":17},"end":{"line":27,"column":79}},"7":{"start":{"line":27,"column":35},"end":{"line":27,"column":66}},"8":{"start":{"line":29,"column":2},"end":{"line":33,"column":4}}},"fnMap":{"0":{"name":"(anonymous_0)","decl":{"start":{"line":20,"column":66},"end":{"line":20,"column":67}},"loc":{"start":{"line":22,"column":6},"end":{"line":34,"column":1}},"line":22},"1":{"name":"(anonymous_1)","decl":{"start":{"line":26,"column":27},"end":{"line":26,"column":28}},"loc":{"start":{"line":26,"column":45},"end":{"line":26,"column":66}},"line":26},"2":{"name":"(anonymous_2)","decl":{"start":{"line":27,"column":29},"end":{"line":27,"column":30}},"loc":{"start":{"line":27,"column":35},"end":{"line":27,"column":66}},"line":27}},"branchMap":{},"s":{"0":3,"1":3,"2":4,"3":4,"4":4,"5":1,"6":4,"7":0,"8":4},"f":{"0":4,"1":1,"2":0},"b":{},"_coverageSchema":"1a1c01bbd47fc00a2c39e90264f33305004495a9","hash":"3a18d9e005f4f03c2200e97af7827c9e3218395d"}
,"C:\\Users\\Dmitriy\\Desktop\\Education\\ReactLearnOtus\\src\\components\\HeaderWrap\\Header\\index.tsx": {"path":"C:\\Users\\Dmitriy\\Desktop\\Education\\ReactLearnOtus\\src\\components\\HeaderWrap\\Header\\index.tsx","statementMap":{"0":{"start":{"line":11,"column":45},"end":{"line":39,"column":1}},"1":{"start":{"line":12,"column":27},"end":{"line":12,"column":58}},"2":{"start":{"line":14,"column":2},"end":{"line":38,"column":4}}},"fnMap":{"0":{"name":"(anonymous_0)","decl":{"start":{"line":11,"column":45},"end":{"line":11,"column":46}},"loc":{"start":{"line":11,"column":78},"end":{"line":39,"column":1}},"line":11}},"branchMap":{"0":{"loc":{"start":{"line":11,"column":48},"end":{"line":11,"column":64}},"type":"default-arg","locations":[{"start":{"line":11,"column":60},"end":{"line":11,"column":64}}],"line":11},"1":{"loc":{"start":{"line":20,"column":9},"end":{"line":32,"column":9}},"type":"binary-expr","locations":[{"start":{"line":20,"column":9},"end":{"line":20,"column":18}},{"start":{"line":21,"column":10},"end":{"line":31,"column":13}}],"line":20}},"s":{"0":1,"1":4,"2":4},"f":{"0":4},"b":{"0":[0],"1":[4,1]},"_coverageSchema":"1a1c01bbd47fc00a2c39e90264f33305004495a9","hash":"fdecabce850a1990063d03b217102472a82d521a"}
,"C:\\Users\\Dmitriy\\Desktop\\Education\\ReactLearnOtus\\src\\components\\Main\\Card\\index.tsx": {"path":"C:\\Users\\Dmitriy\\Desktop\\Education\\ReactLearnOtus\\src\\components\\Main\\Card\\index.tsx","statementMap":{"0":{"start":{"line":12,"column":41},"end":{"line":33,"column":1}},"1":{"start":{"line":18,"column":2},"end":{"line":32,"column":4}}},"fnMap":{"0":{"name":"(anonymous_0)","decl":{"start":{"line":12,"column":41},"end":{"line":12,"column":42}},"loc":{"start":{"line":17,"column":6},"end":{"line":33,"column":1}},"line":17}},"branchMap":{"0":{"loc":{"start":{"line":14,"column":2},"end":{"line":14,"column":16}},"type":"default-arg","locations":[{"start":{"line":14,"column":11},"end":{"line":14,"column":16}}],"line":14},"1":{"loc":{"start":{"line":16,"column":2},"end":{"line":16,"column":12}},"type":"default-arg","locations":[{"start":{"line":16,"column":10},"end":{"line":16,"column":12}}],"line":16},"2":{"loc":{"start":{"line":20,"column":30},"end":{"line":20,"column":52}},"type":"cond-expr","locations":[{"start":{"line":20,"column":39},"end":{"line":20,"column":47}},{"start":{"line":20,"column":50},"end":{"line":20,"column":52}}],"line":20}},"s":{"0":3,"1":291},"f":{"0":291},"b":{"0":[2],"1":[3],"2":[61,230]},"_coverageSchema":"1a1c01bbd47fc00a2c39e90264f33305004495a9","hash":"6be2df569a0f896d7b389ca3c6a01517125db92e"}
,"C:\\Users\\Dmitriy\\Desktop\\Education\\ReactLearnOtus\\src\\components\\Main\\Cards\\Cards.tsx": {"path":"C:\\Users\\Dmitriy\\Desktop\\Education\\ReactLearnOtus\\src\\components\\Main\\Cards\\Cards.tsx","statementMap":{"0":{"start":{"line":20,"column":43},"end":{"line":67,"column":1}},"1":{"start":{"line":31,"column":2},"end":{"line":66,"column":4}},"2":{"start":{"line":52,"column":8},"end":{"line":63,"column":11}},"3":{"start":{"line":53,"column":10},"end":{"line":62,"column":12}},"4":{"start":{"line":61,"column":27},"end":{"line":61,"column":47}}},"fnMap":{"0":{"name":"(anonymous_0)","decl":{"start":{"line":20,"column":43},"end":{"line":20,"column":44}},"loc":{"start":{"line":30,"column":6},"end":{"line":67,"column":1}},"line":30},"1":{"name":"(anonymous_1)","decl":{"start":{"line":51,"column":23},"end":{"line":51,"column":24}},"loc":{"start":{"line":51,"column":32},"end":{"line":64,"column":7}},"line":51},"2":{"name":"(anonymous_2)","decl":{"start":{"line":52,"column":23},"end":{"line":52,"column":24}},"loc":{"start":{"line":53,"column":10},"end":{"line":62,"column":12}},"line":53},"3":{"name":"(anonymous_3)","decl":{"start":{"line":61,"column":21},"end":{"line":61,"column":22}},"loc":{"start":{"line":61,"column":27},"end":{"line":61,"column":47}},"line":61}},"branchMap":{"0":{"loc":{"start":{"line":21,"column":2},"end":{"line":21,"column":18}},"type":"default-arg","locations":[{"start":{"line":21,"column":16},"end":{"line":21,"column":18}}],"line":21},"1":{"loc":{"start":{"line":22,"column":2},"end":{"line":22,"column":13}},"type":"default-arg","locations":[{"start":{"line":22,"column":11},"end":{"line":22,"column":13}}],"line":22},"2":{"loc":{"start":{"line":27,"column":2},"end":{"line":27,"column":17}},"type":"default-arg","locations":[{"start":{"line":27,"column":12},"end":{"line":27,"column":17}}],"line":27},"3":{"loc":{"start":{"line":40,"column":35},"end":{"line":40,"column":67}},"type":"cond-expr","locations":[{"start":{"line":40,"column":54},"end":{"line":40,"column":62}},{"start":{"line":40,"column":65},"end":{"line":40,"column":67}}],"line":40},"4":{"loc":{"start":{"line":47,"column":9},"end":{"line":49,"column":9}},"type":"binary-expr","locations":[{"start":{"line":47,"column":9},"end":{"line":47,"column":55}},{"start":{"line":48,"column":10},"end":{"line":48,"column":64}}],"line":47},"5":{"loc":{"start":{"line":60,"column":20},"end":{"line":60,"column":54}},"type":"binary-expr","locations":[{"start":{"line":60,"column":20},"end":{"line":60,"column":27}},{"start":{"line":60,"column":31},"end":{"line":60,"column":54}}],"line":60}},"s":{"0":2,"1":32,"2":96,"3":288,"4":11},"f":{"0":32,"1":96,"2":288,"3":11},"b":{"0":[0],"1":[0],"2":[0],"3":[8,24],"4":[32,1],"5":[288,243]},"_coverageSchema":"1a1c01bbd47fc00a2c39e90264f33305004495a9","hash":"67235707f3a287181144f306aaea91d4fda7cd21"}
,"C:\\Users\\Dmitriy\\Desktop\\Education\\ReactLearnOtus\\src\\components\\Main\\Cards\\CardsContainer.tsx": {"path":"C:\\Users\\Dmitriy\\Desktop\\Education\\ReactLearnOtus\\src\\components\\Main\\Cards\\CardsContainer.tsx","statementMap":{"0":{"start":{"line":14,"column":40},"end":{"line":54,"column":1}},"1":{"start":{"line":15,"column":18},"end":{"line":15,"column":49}},"2":{"start":{"line":16,"column":19},"end":{"line":16,"column":35}},"3":{"start":{"line":17,"column":37},"end":{"line":17,"column":69}},"4":{"start":{"line":18,"column":17},"end":{"line":18,"column":47}},"5":{"start":{"line":19,"column":17},"end":{"line":19,"column":51}},"6":{"start":{"line":20,"column":32},"end":{"line":20,"column":64}},"7":{"start":{"line":21,"column":55},"end":{"line":27,"column":4}},"8":{"start":{"line":28,"column":26},"end":{"line":28,"column":38}},"9":{"start":{"line":29,"column":21},"end":{"line":29,"column":49}},"10":{"start":{"line":31,"column":2},"end":{"line":37,"column":14}},"11":{"start":{"line":32,"column":4},"end":{"line":36,"column":6}},"12":{"start":{"line":39,"column":2},"end":{"line":53,"column":4}}},"fnMap":{"0":{"name":"(anonymous_0)","decl":{"start":{"line":14,"column":40},"end":{"line":14,"column":41}},"loc":{"start":{"line":14,"column":46},"end":{"line":54,"column":1}},"line":14},"1":{"name":"(anonymous_1)","decl":{"start":{"line":31,"column":12},"end":{"line":31,"column":13}},"loc":{"start":{"line":31,"column":18},"end":{"line":37,"column":3}},"line":31}},"branchMap":{"0":{"loc":{"start":{"line":33,"column":6},"end":{"line":35,"column":12}},"type":"cond-expr","locations":[{"start":{"line":34,"column":10},"end":{"line":34,"column":53}},{"start":{"line":35,"column":10},"end":{"line":35,"column":12}}],"line":33},"1":{"loc":{"start":{"line":33,"column":6},"end":{"line":33,"column":46}},"type":"binary-expr","locations":[{"start":{"line":33,"column":6},"end":{"line":33,"column":37}},{"start":{"line":33,"column":41},"end":{"line":33,"column":46}}],"line":33}},"s":{"0":1,"1":21,"2":21,"3":21,"4":21,"5":21,"6":21,"7":21,"8":21,"9":21,"10":21,"11":8,"12":21},"f":{"0":21,"1":8},"b":{"0":[0,8],"1":[8,0]},"_coverageSchema":"1a1c01bbd47fc00a2c39e90264f33305004495a9","hash":"43d510abb6d0c8e357694b468ec3134a3a370a9a"}
,"C:\\Users\\Dmitriy\\Desktop\\Education\\ReactLearnOtus\\src\\components\\Main\\Form\\Form.tsx": {"path":"C:\\Users\\Dmitriy\\Desktop\\Education\\ReactLearnOtus\\src\\components\\Main\\Form\\Form.tsx","statementMap":{"0":{"start":{"line":20,"column":41},"end":{"line":73,"column":1}},"1":{"start":{"line":21,"column":2},"end":{"line":72,"column":4}},"2":{"start":{"line":38,"column":14},"end":{"line":40,"column":23}}},"fnMap":{"0":{"name":"(anonymous_0)","decl":{"start":{"line":20,"column":41},"end":{"line":20,"column":42}},"loc":{"start":{"line":20,"column":75},"end":{"line":73,"column":1}},"line":20},"1":{"name":"(anonymous_1)","decl":{"start":{"line":37,"column":52},"end":{"line":37,"column":53}},"loc":{"start":{"line":38,"column":14},"end":{"line":40,"column":23}},"line":38}},"branchMap":{},"s":{"0":2,"1":13,"2":130},"f":{"0":13,"1":130},"b":{},"_coverageSchema":"1a1c01bbd47fc00a2c39e90264f33305004495a9","hash":"cec5944681391dd6fa39afdf0ad6b39142ae0513"}
,"C:\\Users\\Dmitriy\\Desktop\\Education\\ReactLearnOtus\\src\\components\\Main\\Form\\FormContainer.tsx": {"path":"C:\\Users\\Dmitriy\\Desktop\\Education\\ReactLearnOtus\\src\\components\\Main\\Form\\FormContainer.tsx","statementMap":{"0":{"start":{"line":17,"column":39},"end":{"line":49,"column":1}},"1":{"start":{"line":18,"column":19},"end":{"line":18,"column":51}},"2":{"start":{"line":19,"column":19},"end":{"line":19,"column":35}},"3":{"start":{"line":20,"column":17},"end":{"line":20,"column":51}},"4":{"start":{"line":21,"column":16},"end":{"line":21,"column":59}},"5":{"start":{"line":22,"column":21},"end":{"line":22,"column":69}},"6":{"start":{"line":24,"column":2},"end":{"line":26,"column":17}},"7":{"start":{"line":25,"column":4},"end":{"line":25,"column":58}},"8":{"start":{"line":28,"column":19},"end":{"line":39,"column":3}},"9":{"start":{"line":30,"column":6},"end":{"line":30,"column":25}},"10":{"start":{"line":31,"column":6},"end":{"line":36,"column":8}},"11":{"start":{"line":41,"column":15},"end":{"line":46,"column":25}},"12":{"start":{"line":42,"column":4},"end":{"line":45,"column":6}},"13":{"start":{"line":48,"column":2},"end":{"line":48,"column":80}}},"fnMap":{"0":{"name":"(anonymous_0)","decl":{"start":{"line":17,"column":39},"end":{"line":17,"column":40}},"loc":{"start":{"line":17,"column":47},"end":{"line":49,"column":1}},"line":17},"1":{"name":"(anonymous_1)","decl":{"start":{"line":24,"column":12},"end":{"line":24,"column":13}},"loc":{"start":{"line":24,"column":18},"end":{"line":26,"column":3}},"line":24},"2":{"name":"(anonymous_2)","decl":{"start":{"line":29,"column":4},"end":{"line":29,"column":5}},"loc":{"start":{"line":29,"column":47},"end":{"line":37,"column":5}},"line":29},"3":{"name":"(anonymous_3)","decl":{"start":{"line":41,"column":23},"end":{"line":41,"column":24}},"loc":{"start":{"line":41,"column":29},"end":{"line":46,"column":3}},"line":41}},"branchMap":{},"s":{"0":1,"1":11,"2":11,"3":11,"4":11,"5":11,"6":11,"7":7,"8":11,"9":0,"10":0,"11":11,"12":11,"13":11},"f":{"0":11,"1":7,"2":0,"3":11},"b":{},"_coverageSchema":"1a1c01bbd47fc00a2c39e90264f33305004495a9","hash":"de33cb71215755bdc5d3dfdea43761b0f4820d9a"}
,"C:\\Users\\Dmitriy\\Desktop\\Education\\ReactLearnOtus\\src\\components\\ui\\Button.tsx": {"path":"C:\\Users\\Dmitriy\\Desktop\\Education\\ReactLearnOtus\\src\\components\\ui\\Button.tsx","statementMap":{"0":{"start":{"line":15,"column":64},"end":{"line":32,"column":1}},"1":{"start":{"line":22,"column":2},"end":{"line":31,"column":4}}},"fnMap":{"0":{"name":"(anonymous_0)","decl":{"start":{"line":15,"column":64},"end":{"line":15,"column":65}},"loc":{"start":{"line":21,"column":6},"end":{"line":32,"column":1}},"line":21}},"branchMap":{"0":{"loc":{"start":{"line":16,"column":2},"end":{"line":16,"column":17}},"type":"default-arg","locations":[{"start":{"line":16,"column":9},"end":{"line":16,"column":17}}],"line":16},"1":{"loc":{"start":{"line":17,"column":2},"end":{"line":17,"column":18}},"type":"default-arg","locations":[{"start":{"line":17,"column":13},"end":{"line":17,"column":18}}],"line":17}},"s":{"0":7,"1":61},"f":{"0":61},"b":{"0":[37],"1":[48]},"_coverageSchema":"1a1c01bbd47fc00a2c39e90264f33305004495a9","hash":"f8be4a09da552ad367fbb56646685c468d1793c3"}
,"C:\\Users\\Dmitriy\\Desktop\\Education\\ReactLearnOtus\\src\\helpers\\const.ts": {"path":"C:\\Users\\Dmitriy\\Desktop\\Education\\ReactLearnOtus\\src\\helpers\\const.ts","statementMap":{"0":{"start":{"line":1,"column":28},"end":{"line":1,"column":32}},"1":{"start":{"line":2,"column":26},"end":{"line":2,"column":28}},"2":{"start":{"line":3,"column":34},"end":{"line":5,"column":2}},"3":{"start":{"line":7,"column":22},"end":{"line":18,"column":1}}},"fnMap":{},"branchMap":{},"s":{"0":8,"1":8,"2":8,"3":8},"f":{},"b":{},"_coverageSchema":"1a1c01bbd47fc00a2c39e90264f33305004495a9","hash":"53d584e765c6bd1462ad9887f9268aab9c4365d9"}
,"C:\\Users\\Dmitriy\\Desktop\\Education\\ReactLearnOtus\\src\\helpers\\play.ts": {"path":"C:\\Users\\Dmitriy\\Desktop\\Education\\ReactLearnOtus\\src\\helpers\\play.ts","statementMap":{"0":{"start":{"line":6,"column":20},"end":{"line":30,"column":1}},"1":{"start":{"line":8,"column":49},"end":{"line":8,"column":67}},"2":{"start":{"line":10,"column":35},"end":{"line":10,"column":52}},"3":{"start":{"line":12,"column":17},"end":{"line":12,"column":58}},"4":{"start":{"line":14,"column":36},"end":{"line":20,"column":3}},"5":{"start":{"line":15,"column":4},"end":{"line":19,"column":6}},"6":{"start":{"line":16,"column":20},"end":{"line":16,"column":37}},"7":{"start":{"line":17,"column":6},"end":{"line":17,"column":75}},"8":{"start":{"line":18,"column":6},"end":{"line":18,"column":32}},"9":{"start":{"line":22,"column":33},"end":{"line":22,"column":60}},"10":{"start":{"line":24,"column":20},"end":{"line":27,"column":21}},"11":{"start":{"line":25,"column":26},"end":{"line":25,"column":42}},"12":{"start":{"line":26,"column":19},"end":{"line":26,"column":42}},"13":{"start":{"line":27,"column":16},"end":{"line":27,"column":20}},"14":{"start":{"line":29,"column":2},"end":{"line":29,"column":49}},"15":{"start":{"line":35,"column":28},"end":{"line":42,"column":1}},"16":{"start":{"line":36,"column":2},"end":{"line":41,"column":5}},"17":{"start":{"line":36,"column":59},"end":{"line":41,"column":3}},"18":{"start":{"line":37,"column":58},"end":{"line":40,"column":5}},"19":{"start":{"line":46,"column":25},"end":{"line":48,"column":1}},"20":{"start":{"line":47,"column":2},"end":{"line":47,"column":68}},"21":{"start":{"line":54,"column":37},"end":{"line":73,"column":1}},"22":{"start":{"line":59,"column":2},"end":{"line":71,"column":3}},"23":{"start":{"line":61,"column":6},"end":{"line":64,"column":8}},"24":{"start":{"line":65,"column":6},"end":{"line":65,"column":12}},"25":{"start":{"line":67,"column":6},"end":{"line":67,"column":73}},"26":{"start":{"line":68,"column":6},"end":{"line":68,"column":12}},"27":{"start":{"line":70,"column":6},"end":{"line":70,"column":22}},"28":{"start":{"line":72,"column":2},"end":{"line":72,"column":16}},"29":{"start":{"line":79,"column":34},"end":{"line":81,"column":1}},"30":{"start":{"line":80,"column":2},"end":{"line":80,"column":55}},"31":{"start":{"line":83,"column":30},"end":{"line":98,"column":1}},"32":{"start":{"line":86,"column":14},"end":{"line":86,"column":50}},"33":{"start":{"line":87,"column":2},"end":{"line":97,"column":4}},"34":{"start":{"line":92,"column":6},"end":{"line":94,"column":50}},"35":{"start":{"line":104,"column":35},"end":{"line":109,"column":1}},"36":{"start":{"line":105,"column":2},"end":{"line":108,"column":34}},"37":{"start":{"line":106,"column":16},"end":{"line":106,"column":35}},"38":{"start":{"line":108,"column":20},"end":{"line":108,"column":32}}},"fnMap":{"0":{"name":"(anonymous_0)","decl":{"start":{"line":6,"column":20},"end":{"line":6,"column":21}},"loc":{"start":{"line":6,"column":70},"end":{"line":30,"column":1}},"line":6},"1":{"name":"(anonymous_1)","decl":{"start":{"line":14,"column":50},"end":{"line":14,"column":51}},"loc":{"start":{"line":15,"column":4},"end":{"line":19,"column":6}},"line":15},"2":{"name":"(anonymous_2)","decl":{"start":{"line":15,"column":12},"end":{"line":15,"column":13}},"loc":{"start":{"line":15,"column":22},"end":{"line":19,"column":5}},"line":15},"3":{"name":"(anonymous_3)","decl":{"start":{"line":25,"column":12},"end":{"line":25,"column":13}},"loc":{"start":{"line":25,"column":26},"end":{"line":25,"column":42}},"line":25},"4":{"name":"(anonymous_4)","decl":{"start":{"line":26,"column":12},"end":{"line":26,"column":13}},"loc":{"start":{"line":26,"column":19},"end":{"line":26,"column":42}},"line":26},"5":{"name":"(anonymous_5)","decl":{"start":{"line":27,"column":9},"end":{"line":27,"column":10}},"loc":{"start":{"line":27,"column":16},"end":{"line":27,"column":20}},"line":27},"6":{"name":"(anonymous_6)","decl":{"start":{"line":35,"column":28},"end":{"line":35,"column":29}},"loc":{"start":{"line":35,"column":42},"end":{"line":42,"column":1}},"line":35},"7":{"name":"(anonymous_7)","decl":{"start":{"line":36,"column":42},"end":{"line":36,"column":43}},"loc":{"start":{"line":36,"column":59},"end":{"line":41,"column":3}},"line":36},"8":{"name":"(anonymous_8)","decl":{"start":{"line":37,"column":40},"end":{"line":37,"column":41}},"loc":{"start":{"line":37,"column":58},"end":{"line":40,"column":5}},"line":37},"9":{"name":"(anonymous_9)","decl":{"start":{"line":46,"column":25},"end":{"line":46,"column":26}},"loc":{"start":{"line":46,"column":50},"end":{"line":48,"column":1}},"line":46},"10":{"name":"(anonymous_10)","decl":{"start":{"line":54,"column":37},"end":{"line":54,"column":38}},"loc":{"start":{"line":57,"column":5},"end":{"line":73,"column":1}},"line":57},"11":{"name":"(anonymous_11)","decl":{"start":{"line":79,"column":34},"end":{"line":79,"column":35}},"loc":{"start":{"line":79,"column":64},"end":{"line":81,"column":1}},"line":79},"12":{"name":"(anonymous_12)","decl":{"start":{"line":83,"column":30},"end":{"line":83,"column":31}},"loc":{"start":{"line":85,"column":39},"end":{"line":98,"column":1}},"line":85},"13":{"name":"(anonymous_13)","decl":{"start":{"line":88,"column":4},"end":{"line":88,"column":5}},"loc":{"start":{"line":91,"column":43},"end":{"line":95,"column":5}},"line":91},"14":{"name":"(anonymous_14)","decl":{"start":{"line":104,"column":35},"end":{"line":104,"column":36}},"loc":{"start":{"line":104,"column":70},"end":{"line":109,"column":1}},"line":104},"15":{"name":"(anonymous_15)","decl":{"start":{"line":106,"column":10},"end":{"line":106,"column":11}},"loc":{"start":{"line":106,"column":16},"end":{"line":106,"column":35}},"line":106},"16":{"name":"(anonymous_16)","decl":{"start":{"line":108,"column":9},"end":{"line":108,"column":10}},"loc":{"start":{"line":108,"column":20},"end":{"line":108,"column":32}},"line":108}},"branchMap":{"0":{"loc":{"start":{"line":6,"column":21},"end":{"line":6,"column":29}},"type":"default-arg","locations":[{"start":{"line":6,"column":28},"end":{"line":6,"column":29}}],"line":6},"1":{"loc":{"start":{"line":6,"column":31},"end":{"line":6,"column":65}},"type":"default-arg","locations":[{"start":{"line":6,"column":60},"end":{"line":6,"column":65}}],"line":6},"2":{"loc":{"start":{"line":17,"column":27},"end":{"line":17,"column":74}},"type":"cond-expr","locations":[{"start":{"line":17,"column":50},"end":{"line":17,"column":70}},{"start":{"line":17,"column":73},"end":{"line":17,"column":74}}],"line":17},"3":{"loc":{"start":{"line":35,"column":29},"end":{"line":35,"column":37}},"type":"default-arg","locations":[{"start":{"line":35,"column":36},"end":{"line":35,"column":37}}],"line":35},"4":{"loc":{"start":{"line":55,"column":2},"end":{"line":55,"column":23}},"type":"default-arg","locations":[{"start":{"line":55,"column":21},"end":{"line":55,"column":23}}],"line":55},"5":{"loc":{"start":{"line":59,"column":2},"end":{"line":71,"column":3}},"type":"switch","locations":[{"start":{"line":60,"column":4},"end":{"line":65,"column":12}},{"start":{"line":66,"column":4},"end":{"line":68,"column":12}},{"start":{"line":69,"column":4},"end":{"line":70,"column":22}}],"line":59},"6":{"loc":{"start":{"line":63,"column":8},"end":{"line":63,"column":78}},"type":"cond-expr","locations":[{"start":{"line":63,"column":45},"end":{"line":63,"column":46}},{"start":{"line":63,"column":49},"end":{"line":63,"column":78}}],"line":63},"7":{"loc":{"start":{"line":92,"column":13},"end":{"line":94,"column":49}},"type":"cond-expr","locations":[{"start":{"line":93,"column":10},"end":{"line":93,"column":13}},{"start":{"line":94,"column":10},"end":{"line":94,"column":49}}],"line":92},"8":{"loc":{"start":{"line":92,"column":13},"end":{"line":92,"column":54}},"type":"binary-expr","locations":[{"start":{"line":92,"column":13},"end":{"line":92,"column":22}},{"start":{"line":92,"column":26},"end":{"line":92,"column":54}}],"line":92},"9":{"loc":{"start":{"line":104,"column":36},"end":{"line":104,"column":53}},"type":"default-arg","locations":[{"start":{"line":104,"column":51},"end":{"line":104,"column":53}}],"line":104},"10":{"loc":{"start":{"line":104,"column":55},"end":{"line":104,"column":65}},"type":"default-arg","locations":[{"start":{"line":104,"column":64},"end":{"line":104,"column":65}}],"line":104}},"s":{"0":3,"1":7,"2":7,"3":7,"4":7,"5":25,"6":101,"7":101,"8":101,"9":7,"10":7,"11":25,"12":101,"13":53,"14":7,"15":3,"16":9,"17":31,"18":121,"19":3,"20":104,"21":3,"22":10,"23":1,"24":1,"25":2,"26":2,"27":7,"28":10,"29":3,"30":107,"31":3,"32":10,"33":10,"34":40,"35":3,"36":5,"37":30,"38":16},"f":{"0":7,"1":25,"2":101,"3":25,"4":101,"5":53,"6":9,"7":31,"8":121,"9":104,"10":10,"11":107,"12":10,"13":40,"14":5,"15":30,"16":16},"b":{"0":[0],"1":[5],"2":[70,31],"3":[0],"4":[0],"5":[1,2,7],"6":[1,0],"7":[21,19],"8":[40,30],"9":[0],"10":[0]},"_coverageSchema":"1a1c01bbd47fc00a2c39e90264f33305004495a9","hash":"cd2f9306465c013102cafa3149fc2536bb1b0eae"}
,"C:\\Users\\Dmitriy\\Desktop\\Education\\ReactLearnOtus\\src\\hooks\\useAppDispatch.ts": {"path":"C:\\Users\\Dmitriy\\Desktop\\Education\\ReactLearnOtus\\src\\hooks\\useAppDispatch.ts","statementMap":{"0":{"start":{"line":4,"column":30},"end":{"line":4,"column":62}},"1":{"start":{"line":4,"column":36},"end":{"line":4,"column":62}},"2":{"start":{"line":5,"column":63},"end":{"line":5,"column":74}}},"fnMap":{"0":{"name":"(anonymous_0)","decl":{"start":{"line":4,"column":30},"end":{"line":4,"column":31}},"loc":{"start":{"line":4,"column":36},"end":{"line":4,"column":62}},"line":4}},"branchMap":{},"s":{"0":5,"1":36,"2":5},"f":{"0":36},"b":{},"_coverageSchema":"1a1c01bbd47fc00a2c39e90264f33305004495a9","hash":"817e347e0217662afd064f1502cd37f442dd34a1"}
,"C:\\Users\\Dmitriy\\Desktop\\Education\\ReactLearnOtus\\src\\hooks\\useGame.ts": {"path":"C:\\Users\\Dmitriy\\Desktop\\Education\\ReactLearnOtus\\src\\hooks\\useGame.ts","statementMap":{"0":{"start":{"line":30,"column":23},"end":{"line":92,"column":1}},"1":{"start":{"line":37,"column":24},"end":{"line":37,"column":36}},"2":{"start":{"line":39,"column":20},"end":{"line":48,"column":26}},"3":{"start":{"line":40,"column":4},"end":{"line":42,"column":5}},"4":{"start":{"line":41,"column":6},"end":{"line":41,"column":13}},"5":{"start":{"line":43,"column":17},"end":{"line":43,"column":58}},"6":{"start":{"line":44,"column":4},"end":{"line":47,"column":7}},"7":{"start":{"line":50,"column":2},"end":{"line":65,"column":36}},"8":{"start":{"line":51,"column":4},"end":{"line":64,"column":5}},"9":{"start":{"line":56,"column":6},"end":{"line":62,"column":7}},"10":{"start":{"line":56,"column":33},"end":{"line":56,"column":60}},"11":{"start":{"line":56,"column":52},"end":{"line":56,"column":59}},"12":{"start":{"line":57,"column":8},"end":{"line":57,"column":42}},"13":{"start":{"line":58,"column":8},"end":{"line":58,"column":44}},"14":{"start":{"line":60,"column":8},"end":{"line":60,"column":43}},"15":{"start":{"line":61,"column":8},"end":{"line":61,"column":50}},"16":{"start":{"line":63,"column":6},"end":{"line":63,"column":26}},"17":{"start":{"line":67,"column":23},"end":{"line":75,"column":3}},"18":{"start":{"line":69,"column":6},"end":{"line":71,"column":7}},"19":{"start":{"line":70,"column":8},"end":{"line":70,"column":15}},"20":{"start":{"line":72,"column":6},"end":{"line":72,"column":35}},"21":{"start":{"line":77,"column":21},"end":{"line":79,"column":3}},"22":{"start":{"line":78,"column":4},"end":{"line":78,"column":16}},"23":{"start":{"line":81,"column":20},"end":{"line":83,"column":16}},"24":{"start":{"line":82,"column":4},"end":{"line":82,"column":24}},"25":{"start":{"line":85,"column":2},"end":{"line":91,"column":4}}},"fnMap":{"0":{"name":"(anonymous_0)","decl":{"start":{"line":30,"column":23},"end":{"line":30,"column":24}},"loc":{"start":{"line":36,"column":17},"end":{"line":92,"column":1}},"line":36},"1":{"name":"(anonymous_1)","decl":{"start":{"line":39,"column":32},"end":{"line":39,"column":33}},"loc":{"start":{"line":39,"column":38},"end":{"line":48,"column":3}},"line":39},"2":{"name":"(anonymous_2)","decl":{"start":{"line":50,"column":12},"end":{"line":50,"column":13}},"loc":{"start":{"line":50,"column":18},"end":{"line":65,"column":3}},"line":50},"3":{"name":"(anonymous_3)","decl":{"start":{"line":56,"column":26},"end":{"line":56,"column":27}},"loc":{"start":{"line":56,"column":33},"end":{"line":56,"column":60}},"line":56},"4":{"name":"(anonymous_4)","decl":{"start":{"line":56,"column":45},"end":{"line":56,"column":46}},"loc":{"start":{"line":56,"column":52},"end":{"line":56,"column":59}},"line":56},"5":{"name":"(anonymous_5)","decl":{"start":{"line":68,"column":4},"end":{"line":68,"column":5}},"loc":{"start":{"line":68,"column":21},"end":{"line":73,"column":5}},"line":68},"6":{"name":"(anonymous_6)","decl":{"start":{"line":77,"column":21},"end":{"line":77,"column":22}},"loc":{"start":{"line":77,"column":27},"end":{"line":79,"column":3}},"line":77},"7":{"name":"(anonymous_7)","decl":{"start":{"line":81,"column":32},"end":{"line":81,"column":33}},"loc":{"start":{"line":81,"column":38},"end":{"line":83,"column":3}},"line":81}},"branchMap":{"0":{"loc":{"start":{"line":31,"column":2},"end":{"line":31,"column":18}},"type":"default-arg","locations":[{"start":{"line":31,"column":11},"end":{"line":31,"column":18}}],"line":31},"1":{"loc":{"start":{"line":32,"column":2},"end":{"line":32,"column":13}},"type":"default-arg","locations":[{"start":{"line":32,"column":11},"end":{"line":32,"column":13}}],"line":32},"2":{"loc":{"start":{"line":33,"column":2},"end":{"line":33,"column":16}},"type":"default-arg","locations":[{"start":{"line":33,"column":14},"end":{"line":33,"column":16}}],"line":33},"3":{"loc":{"start":{"line":40,"column":4},"end":{"line":42,"column":5}},"type":"if","locations":[{"start":{"line":40,"column":4},"end":{"line":42,"column":5}},{"start":{},"end":{}}],"line":40},"4":{"loc":{"start":{"line":51,"column":4},"end":{"line":64,"column":5}},"type":"if","locations":[{"start":{"line":51,"column":4},"end":{"line":64,"column":5}},{"start":{},"end":{}}],"line":51},"5":{"loc":{"start":{"line":52,"column":6},"end":{"line":54,"column":40}},"type":"binary-expr","locations":[{"start":{"line":52,"column":6},"end":{"line":52,"column":19}},{"start":{"line":53,"column":6},"end":{"line":53,"column":22}},{"start":{"line":54,"column":6},"end":{"line":54,"column":40}}],"line":52},"6":{"loc":{"start":{"line":56,"column":6},"end":{"line":62,"column":7}},"type":"if","locations":[{"start":{"line":56,"column":6},"end":{"line":62,"column":7}},{"start":{"line":59,"column":13},"end":{"line":62,"column":7}}],"line":56},"7":{"loc":{"start":{"line":69,"column":6},"end":{"line":71,"column":7}},"type":"if","locations":[{"start":{"line":69,"column":6},"end":{"line":71,"column":7}},{"start":{},"end":{}}],"line":69},"8":{"loc":{"start":{"line":69,"column":10},"end":{"line":69,"column":52}},"type":"binary-expr","locations":[{"start":{"line":69,"column":10},"end":{"line":69,"column":30}},{"start":{"line":69,"column":34},"end":{"line":69,"column":52}}],"line":69}},"s":{"0":2,"1":26,"2":26,"3":1,"4":0,"5":1,"6":1,"7":26,"8":21,"9":2,"10":4,"11":9,"12":1,"13":1,"14":1,"15":1,"16":2,"17":26,"18":11,"19":2,"20":9,"21":26,"22":0,"23":26,"24":1,"25":26},"f":{"0":26,"1":1,"2":21,"3":4,"4":9,"5":11,"6":0,"7":1},"b":{"0":[5],"1":[3],"2":[5],"3":[0,1],"4":[2,19],"5":[21,8,4],"6":[1,1],"7":[2,9],"8":[11,9]},"_coverageSchema":"1a1c01bbd47fc00a2c39e90264f33305004495a9","hash":"f8c4e502dd58cb2569393ef902a641c616358288"}
,"C:\\Users\\Dmitriy\\Desktop\\Education\\ReactLearnOtus\\src\\hooks\\useInput.ts": {"path":"C:\\Users\\Dmitriy\\Desktop\\Education\\ReactLearnOtus\\src\\hooks\\useInput.ts","statementMap":{"0":{"start":{"line":3,"column":24},"end":{"line":24,"column":1}},"1":{"start":{"line":6,"column":28},"end":{"line":6,"column":50}},"2":{"start":{"line":8,"column":19},"end":{"line":21,"column":3}},"3":{"start":{"line":10,"column":6},"end":{"line":13,"column":7}},"4":{"start":{"line":11,"column":8},"end":{"line":11,"column":33}},"5":{"start":{"line":12,"column":8},"end":{"line":12,"column":15}},"6":{"start":{"line":14,"column":6},"end":{"line":18,"column":7}},"7":{"start":{"line":15,"column":18},"end":{"line":15,"column":42}},"8":{"start":{"line":16,"column":8},"end":{"line":16,"column":20}},"9":{"start":{"line":17,"column":8},"end":{"line":17,"column":15}},"10":{"start":{"line":23,"column":2},"end":{"line":23,"column":29}}},"fnMap":{"0":{"name":"(anonymous_0)","decl":{"start":{"line":3,"column":24},"end":{"line":3,"column":25}},"loc":{"start":{"line":5,"column":5},"end":{"line":24,"column":1}},"line":5},"1":{"name":"(anonymous_1)","decl":{"start":{"line":9,"column":4},"end":{"line":9,"column":5}},"loc":{"start":{"line":9,"column":72},"end":{"line":19,"column":5}},"line":9}},"branchMap":{"0":{"loc":{"start":{"line":10,"column":6},"end":{"line":13,"column":7}},"type":"if","locations":[{"start":{"line":10,"column":6},"end":{"line":13,"column":7}},{"start":{},"end":{}}],"line":10},"1":{"loc":{"start":{"line":14,"column":6},"end":{"line":18,"column":7}},"type":"if","locations":[{"start":{"line":14,"column":6},"end":{"line":18,"column":7}},{"start":{},"end":{}}],"line":14}},"s":{"0":2,"1":31,"2":31,"3":16,"4":8,"5":8,"6":8,"7":8,"8":8,"9":8,"10":31},"f":{"0":31,"1":16},"b":{"0":[8,8],"1":[8,0]},"_coverageSchema":"1a1c01bbd47fc00a2c39e90264f33305004495a9","hash":"370c360a5b76ca2164d5d7473030df81f0b04ca6"}
,"C:\\Users\\Dmitriy\\Desktop\\Education\\ReactLearnOtus\\src\\mocks\\cards.ts": {"path":"C:\\Users\\Dmitriy\\Desktop\\Education\\ReactLearnOtus\\src\\mocks\\cards.ts","statementMap":{"0":{"start":{"line":3,"column":25},"end":{"line":19,"column":28}}},"fnMap":{},"branchMap":{},"s":{"0":2},"f":{},"b":{},"_coverageSchema":"1a1c01bbd47fc00a2c39e90264f33305004495a9","hash":"2160cd748e4bb08839ded0eb5c51748447f2bd21"}
,"C:\\Users\\Dmitriy\\Desktop\\Education\\ReactLearnOtus\\src\\store\\store.ts": {"path":"C:\\Users\\Dmitriy\\Desktop\\Education\\ReactLearnOtus\\src\\store\\store.ts","statementMap":{"0":{"start":{"line":8,"column":22},"end":{"line":12,"column":1}},"1":{"start":{"line":13,"column":25},"end":{"line":16,"column":1}},"2":{"start":{"line":18,"column":23},"end":{"line":18,"column":45}},"3":{"start":{"line":20,"column":21},"end":{"line":24,"column":2}},"4":{"start":{"line":25,"column":0},"end":{"line":25,"column":29}},"5":{"start":{"line":27,"column":25},"end":{"line":27,"column":44}}},"fnMap":{},"branchMap":{},"s":{"0":4,"1":4,"2":4,"3":4,"4":4,"5":4},"f":{},"b":{},"_coverageSchema":"1a1c01bbd47fc00a2c39e90264f33305004495a9","hash":"64ef7327e7b4ed7e41fb33c9d6b0d31f81028bb8"}
,"C:\\Users\\Dmitriy\\Desktop\\Education\\ReactLearnOtus\\src\\store\\middlewares\\locaStorageMiddleware.ts": {"path":"C:\\Users\\Dmitriy\\Desktop\\Education\\ReactLearnOtus\\src\\store\\middlewares\\locaStorageMiddleware.ts","statementMap":{"0":{"start":{"line":4,"column":2},"end":{"line":9,"column":3}},"1":{"start":{"line":5,"column":2},"end":{"line":9,"column":3}},"2":{"start":{"line":6,"column":2},"end":{"line":9,"column":3}},"3":{"start":{"line":7,"column":4},"end":{"line":7,"column":62}},"4":{"start":{"line":8,"column":4},"end":{"line":8,"column":24}}},"fnMap":{"0":{"name":"(anonymous_0)","decl":{"start":{"line":4,"column":2},"end":{"line":4,"column":3}},"loc":{"start":{"line":5,"column":2},"end":{"line":9,"column":3}},"line":5},"1":{"name":"(anonymous_1)","decl":{"start":{"line":5,"column":2},"end":{"line":5,"column":3}},"loc":{"start":{"line":6,"column":2},"end":{"line":9,"column":3}},"line":6},"2":{"name":"(anonymous_2)","decl":{"start":{"line":6,"column":2},"end":{"line":6,"column":3}},"loc":{"start":{"line":6,"column":14},"end":{"line":9,"column":3}},"line":6}},"branchMap":{},"s":{"0":1,"1":1,"2":1,"3":1,"4":1},"f":{"0":1,"1":1,"2":1},"b":{},"_coverageSchema":"1a1c01bbd47fc00a2c39e90264f33305004495a9","hash":"2a2320d8215d9a2622ecf340a40731e7b00e6f09"}
,"C:\\Users\\Dmitriy\\Desktop\\Education\\ReactLearnOtus\\src\\store\\reducers\\rootReducer.ts": {"path":"C:\\Users\\Dmitriy\\Desktop\\Education\\ReactLearnOtus\\src\\store\\reducers\\rootReducer.ts","statementMap":{"0":{"start":{"line":7,"column":26},"end":{"line":11,"column":1}},"1":{"start":{"line":12,"column":27},"end":{"line":15,"column":2}}},"fnMap":{},"branchMap":{},"s":{"0":4,"1":4},"f":{},"b":{},"_coverageSchema":"1a1c01bbd47fc00a2c39e90264f33305004495a9","hash":"1ea836688a1320532e03a8ebe033e50e698b6441"}
,"C:\\Users\\Dmitriy\\Desktop\\Education\\ReactLearnOtus\\src\\store\\reducers\\auth\\authSlice.ts": {"path":"C:\\Users\\Dmitriy\\Desktop\\Education\\ReactLearnOtus\\src\\store\\reducers\\auth\\authSlice.ts","statementMap":{"0":{"start":{"line":9,"column":32},"end":{"line":13,"column":14}},"1":{"start":{"line":15,"column":25},"end":{"line":26,"column":2}},"2":{"start":{"line":20,"column":6},"end":{"line":20,"column":32}},"3":{"start":{"line":23,"column":6},"end":{"line":23,"column":27}},"4":{"start":{"line":28,"column":33},"end":{"line":28,"column":50}}},"fnMap":{"0":{"name":"(anonymous_0)","decl":{"start":{"line":19,"column":4},"end":{"line":19,"column":5}},"loc":{"start":{"line":19,"column":53},"end":{"line":21,"column":5}},"line":19},"1":{"name":"(anonymous_1)","decl":{"start":{"line":22,"column":4},"end":{"line":22,"column":5}},"loc":{"start":{"line":22,"column":18},"end":{"line":24,"column":5}},"line":22}},"branchMap":{},"s":{"0":7,"1":7,"2":2,"3":1,"4":7},"f":{"0":2,"1":1},"b":{},"_coverageSchema":"1a1c01bbd47fc00a2c39e90264f33305004495a9","hash":"3196b197ba1071f26efad58c115a6db5b0333547"}
,"C:\\Users\\Dmitriy\\Desktop\\Education\\ReactLearnOtus\\src\\store\\reducers\\auth\\selector.ts": {"path":"C:\\Users\\Dmitriy\\Desktop\\Education\\ReactLearnOtus\\src\\store\\reducers\\auth\\selector.ts","statementMap":{"0":{"start":{"line":3,"column":32},"end":{"line":3,"column":74}},"1":{"start":{"line":3,"column":54},"end":{"line":3,"column":74}}},"fnMap":{"0":{"name":"(anonymous_0)","decl":{"start":{"line":3,"column":32},"end":{"line":3,"column":33}},"loc":{"start":{"line":3,"column":54},"end":{"line":3,"column":74}},"line":3}},"branchMap":{},"s":{"0":3,"1":4},"f":{"0":4},"b":{},"_coverageSchema":"1a1c01bbd47fc00a2c39e90264f33305004495a9","hash":"cbbffd5c3f89790ef437d7896298f1ddd83871ce"}
,"C:\\Users\\Dmitriy\\Desktop\\Education\\ReactLearnOtus\\src\\store\\reducers\\game\\gameSlice.ts": {"path":"C:\\Users\\Dmitriy\\Desktop\\Education\\ReactLearnOtus\\src\\store\\reducers\\game\\gameSlice.ts","statementMap":{"0":{"start":{"line":13,"column":43},"end":{"line":27,"column":1}},"1":{"start":{"line":29,"column":25},"end":{"line":90,"column":2}},"2":{"start":{"line":37,"column":6},"end":{"line":37,"column":57}},"3":{"start":{"line":40,"column":6},"end":{"line":40,"column":31}},"4":{"start":{"line":43,"column":6},"end":{"line":43,"column":52}},"5":{"start":{"line":46,"column":6},"end":{"line":46,"column":29}},"6":{"start":{"line":52,"column":6},"end":{"line":52,"column":62}},"7":{"start":{"line":55,"column":6},"end":{"line":55,"column":29}},"8":{"start":{"line":58,"column":6},"end":{"line":58,"column":30}},"9":{"start":{"line":61,"column":6},"end":{"line":61,"column":33}},"10":{"start":{"line":64,"column":6},"end":{"line":64,"column":38}},"11":{"start":{"line":65,"column":6},"end":{"line":65,"column":28}},"12":{"start":{"line":66,"column":6},"end":{"line":66,"column":24}},"13":{"start":{"line":69,"column":6},"end":{"line":69,"column":29}},"14":{"start":{"line":70,"column":6},"end":{"line":70,"column":27}},"15":{"start":{"line":71,"column":6},"end":{"line":71,"column":24}},"16":{"start":{"line":74,"column":6},"end":{"line":74,"column":28}},"17":{"start":{"line":75,"column":6},"end":{"line":75,"column":24}},"18":{"start":{"line":76,"column":6},"end":{"line":76,"column":30}},"19":{"start":{"line":79,"column":6},"end":{"line":79,"column":27}},"20":{"start":{"line":80,"column":6},"end":{"line":80,"column":27}},"21":{"start":{"line":81,"column":6},"end":{"line":81,"column":24}},"22":{"start":{"line":84,"column":6},"end":{"line":84,"column":31}},"23":{"start":{"line":87,"column":6},"end":{"line":87,"column":30}},"24":{"start":{"line":107,"column":4},"end":{"line":107,"column":21}}},"fnMap":{"0":{"name":"(anonymous_0)","decl":{"start":{"line":33,"column":4},"end":{"line":33,"column":5}},"loc":{"start":{"line":36,"column":6},"end":{"line":38,"column":5}},"line":36},"1":{"name":"(anonymous_1)","decl":{"start":{"line":39,"column":4},"end":{"line":39,"column":5}},"loc":{"start":{"line":39,"column":61},"end":{"line":41,"column":5}},"line":39},"2":{"name":"(anonymous_2)","decl":{"start":{"line":42,"column":4},"end":{"line":42,"column":5}},"loc":{"start":{"line":42,"column":19},"end":{"line":44,"column":5}},"line":42},"3":{"name":"(anonymous_3)","decl":{"start":{"line":45,"column":4},"end":{"line":45,"column":5}},"loc":{"start":{"line":45,"column":57},"end":{"line":47,"column":5}},"line":45},"4":{"name":"(anonymous_4)","decl":{"start":{"line":48,"column":4},"end":{"line":48,"column":5}},"loc":{"start":{"line":51,"column":6},"end":{"line":53,"column":5}},"line":51},"5":{"name":"(anonymous_5)","decl":{"start":{"line":54,"column":4},"end":{"line":54,"column":5}},"loc":{"start":{"line":54,"column":61},"end":{"line":56,"column":5}},"line":54},"6":{"name":"(anonymous_6)","decl":{"start":{"line":57,"column":4},"end":{"line":57,"column":5}},"loc":{"start":{"line":57,"column":17},"end":{"line":59,"column":5}},"line":57},"7":{"name":"(anonymous_7)","decl":{"start":{"line":60,"column":4},"end":{"line":60,"column":5}},"loc":{"start":{"line":60,"column":61},"end":{"line":62,"column":5}},"line":60},"8":{"name":"(anonymous_8)","decl":{"start":{"line":63,"column":4},"end":{"line":63,"column":5}},"loc":{"start":{"line":63,"column":17},"end":{"line":67,"column":5}},"line":63},"9":{"name":"(anonymous_9)","decl":{"start":{"line":68,"column":4},"end":{"line":68,"column":5}},"loc":{"start":{"line":68,"column":17},"end":{"line":72,"column":5}},"line":68},"10":{"name":"(anonymous_10)","decl":{"start":{"line":73,"column":4},"end":{"line":73,"column":5}},"loc":{"start":{"line":73,"column":18},"end":{"line":77,"column":5}},"line":73},"11":{"name":"(anonymous_11)","decl":{"start":{"line":78,"column":4},"end":{"line":78,"column":5}},"loc":{"start":{"line":78,"column":19},"end":{"line":82,"column":5}},"line":78},"12":{"name":"(anonymous_12)","decl":{"start":{"line":83,"column":4},"end":{"line":83,"column":5}},"loc":{"start":{"line":83,"column":19},"end":{"line":85,"column":5}},"line":83},"13":{"name":"(anonymous_13)","decl":{"start":{"line":86,"column":4},"end":{"line":86,"column":5}},"loc":{"start":{"line":86,"column":59},"end":{"line":88,"column":5}},"line":86}},"branchMap":{},"s":{"0":8,"1":8,"2":1,"3":0,"4":0,"5":2,"6":2,"7":1,"8":0,"9":9,"10":0,"11":0,"12":0,"13":1,"14":1,"15":1,"16":1,"17":1,"18":1,"19":3,"20":3,"21":3,"22":1,"23":1,"24":8},"f":{"0":1,"1":0,"2":0,"3":2,"4":2,"5":1,"6":0,"7":9,"8":0,"9":1,"10":1,"11":3,"12":1,"13":1},"b":{},"_coverageSchema":"1a1c01bbd47fc00a2c39e90264f33305004495a9","hash":"76cb71cd2f9eafbab1d0e22d125509773bb5a4ff"}
,"C:\\Users\\Dmitriy\\Desktop\\Education\\ReactLearnOtus\\src\\store\\reducers\\game\\selectors.ts": {"path":"C:\\Users\\Dmitriy\\Desktop\\Education\\ReactLearnOtus\\src\\store\\reducers\\game\\selectors.ts","statementMap":{"0":{"start":{"line":3,"column":32},"end":{"line":3,"column":79}},"1":{"start":{"line":3,"column":54},"end":{"line":3,"column":79}},"2":{"start":{"line":4,"column":31},"end":{"line":4,"column":71}},"3":{"start":{"line":4,"column":53},"end":{"line":4,"column":71}},"4":{"start":{"line":5,"column":34},"end":{"line":5,"column":73}},"5":{"start":{"line":5,"column":56},"end":{"line":5,"column":73}},"6":{"start":{"line":6,"column":30},"end":{"line":6,"column":69}},"7":{"start":{"line":6,"column":52},"end":{"line":6,"column":69}},"8":{"start":{"line":7,"column":32},"end":{"line":7,"column":73}},"9":{"start":{"line":7,"column":54},"end":{"line":7,"column":73}},"10":{"start":{"line":8,"column":33},"end":{"line":8,"column":76}},"11":{"start":{"line":8,"column":55},"end":{"line":8,"column":76}},"12":{"start":{"line":9,"column":32},"end":{"line":9,"column":73}},"13":{"start":{"line":9,"column":54},"end":{"line":9,"column":73}}},"fnMap":{"0":{"name":"(anonymous_0)","decl":{"start":{"line":3,"column":32},"end":{"line":3,"column":33}},"loc":{"start":{"line":3,"column":54},"end":{"line":3,"column":79}},"line":3},"1":{"name":"(anonymous_1)","decl":{"start":{"line":4,"column":31},"end":{"line":4,"column":32}},"loc":{"start":{"line":4,"column":53},"end":{"line":4,"column":71}},"line":4},"2":{"name":"(anonymous_2)","decl":{"start":{"line":5,"column":34},"end":{"line":5,"column":35}},"loc":{"start":{"line":5,"column":56},"end":{"line":5,"column":73}},"line":5},"3":{"name":"(anonymous_3)","decl":{"start":{"line":6,"column":30},"end":{"line":6,"column":31}},"loc":{"start":{"line":6,"column":52},"end":{"line":6,"column":69}},"line":6},"4":{"name":"(anonymous_4)","decl":{"start":{"line":7,"column":32},"end":{"line":7,"column":33}},"loc":{"start":{"line":7,"column":54},"end":{"line":7,"column":73}},"line":7},"5":{"name":"(anonymous_5)","decl":{"start":{"line":8,"column":33},"end":{"line":8,"column":34}},"loc":{"start":{"line":8,"column":55},"end":{"line":8,"column":76}},"line":8},"6":{"name":"(anonymous_6)","decl":{"start":{"line":9,"column":32},"end":{"line":9,"column":33}},"loc":{"start":{"line":9,"column":54},"end":{"line":9,"column":73}},"line":9}},"branchMap":{},"s":{"0":2,"1":0,"2":2,"3":38,"4":2,"5":45,"6":2,"7":20,"8":2,"9":46,"10":2,"11":0,"12":2,"13":53},"f":{"0":0,"1":38,"2":45,"3":20,"4":46,"5":0,"6":53},"b":{},"_coverageSchema":"1a1c01bbd47fc00a2c39e90264f33305004495a9","hash":"e19d19cf40fb20f6f993b00fd8f9c0d91ba614c6"}
,"C:\\Users\\Dmitriy\\Desktop\\Education\\ReactLearnOtus\\src\\store\\saga\\rootSaga.ts": {"path":"C:\\Users\\Dmitriy\\Desktop\\Education\\ReactLearnOtus\\src\\store\\saga\\rootSaga.ts","statementMap":{"0":{"start":{"line":6,"column":2},"end":{"line":6,"column":45}}},"fnMap":{"0":{"name":"rootSaga","decl":{"start":{"line":5,"column":25},"end":{"line":5,"column":33}},"loc":{"start":{"line":5,"column":36},"end":{"line":7,"column":1}},"line":5}},"branchMap":{},"s":{"0":4},"f":{"0":4},"b":{},"_coverageSchema":"1a1c01bbd47fc00a2c39e90264f33305004495a9","hash":"5a9e522eb8659ce63146a8b17fceb416239fbb6d"}
,"C:\\Users\\Dmitriy\\Desktop\\Education\\ReactLearnOtus\\src\\store\\saga\\actions\\types.ts": {"path":"C:\\Users\\Dmitriy\\Desktop\\Education\\ReactLearnOtus\\src\\store\\saga\\actions\\types.ts","statementMap":{"0":{"start":{"line":1,"column":31},"end":{"line":1,"column":48}},"1":{"start":{"line":2,"column":27},"end":{"line":2,"column":40}}},"fnMap":{},"branchMap":{},"s":{"0":8,"1":8},"f":{},"b":{},"_coverageSchema":"1a1c01bbd47fc00a2c39e90264f33305004495a9","hash":"018ca4e466ec67e73cca1c85c88c8123acb2d1f0"}
,"C:\\Users\\Dmitriy\\Desktop\\Education\\ReactLearnOtus\\src\\store\\saga\\auth\\authSaga.ts": {"path":"C:\\Users\\Dmitriy\\Desktop\\Education\\ReactLearnOtus\\src\\store\\saga\\auth\\authSaga.ts","statementMap":{"0":{"start":{"line":7,"column":2},"end":{"line":10,"column":5}},"1":{"start":{"line":8,"column":4},"end":{"line":8,"column":37}},"2":{"start":{"line":9,"column":4},"end":{"line":9,"column":41}}},"fnMap":{"0":{"name":"logoutSaga","decl":{"start":{"line":6,"column":17},"end":{"line":6,"column":27}},"loc":{"start":{"line":6,"column":30},"end":{"line":11,"column":1}},"line":6},"1":{"name":"(anonymous_1)","decl":{"start":{"line":7,"column":31},"end":{"line":7,"column":32}},"loc":{"start":{"line":7,"column":44},"end":{"line":10,"column":3}},"line":7}},"branchMap":{},"s":{"0":5,"1":1,"2":1},"f":{"0":5,"1":1},"b":{},"_coverageSchema":"1a1c01bbd47fc00a2c39e90264f33305004495a9","hash":"3850851249342a46b147d6c8582eb01cbeb092e2"}
,"C:\\Users\\Dmitriy\\Desktop\\Education\\ReactLearnOtus\\src\\store\\saga\\game\\gameSaga.ts": {"path":"C:\\Users\\Dmitriy\\Desktop\\Education\\ReactLearnOtus\\src\\store\\saga\\game\\gameSaga.ts","statementMap":{"0":{"start":{"line":16,"column":2},"end":{"line":16,"column":18}},"1":{"start":{"line":20,"column":2},"end":{"line":36,"column":4}},"2":{"start":{"line":28,"column":6},"end":{"line":28,"column":65}},"3":{"start":{"line":29,"column":6},"end":{"line":29,"column":67}},"4":{"start":{"line":30,"column":6},"end":{"line":30,"column":29}},"5":{"start":{"line":31,"column":6},"end":{"line":31,"column":38}},"6":{"start":{"line":32,"column":6},"end":{"line":32,"column":58}},"7":{"start":{"line":33,"column":6},"end":{"line":33,"column":59}},"8":{"start":{"line":34,"column":6},"end":{"line":34,"column":62}},"9":{"start":{"line":40,"column":2},"end":{"line":40,"column":35}},"10":{"start":{"line":41,"column":2},"end":{"line":41,"column":30}}},"fnMap":{"0":{"name":"delaySaga","decl":{"start":{"line":15,"column":17},"end":{"line":15,"column":26}},"loc":{"start":{"line":15,"column":39},"end":{"line":17,"column":1}},"line":15},"1":{"name":"startPlaySaga","decl":{"start":{"line":19,"column":17},"end":{"line":19,"column":30}},"loc":{"start":{"line":19,"column":33},"end":{"line":37,"column":1}},"line":19},"2":{"name":"(anonymous_2)","decl":{"start":{"line":22,"column":4},"end":{"line":22,"column":5}},"loc":{"start":{"line":27,"column":8},"end":{"line":35,"column":5}},"line":27},"3":{"name":"endOldGame","decl":{"start":{"line":39,"column":17},"end":{"line":39,"column":27}},"loc":{"start":{"line":39,"column":30},"end":{"line":42,"column":1}},"line":39}},"branchMap":{},"s":{"0":0,"1":5,"2":1,"3":1,"4":1,"5":1,"6":1,"7":1,"8":1,"9":0,"10":0},"f":{"0":0,"1":5,"2":1,"3":0},"b":{},"_coverageSchema":"1a1c01bbd47fc00a2c39e90264f33305004495a9","hash":"62c3d60f3a9be7daaf3a442db4ccfb78daf43512"}
,"C:\\Users\\Dmitriy\\Desktop\\Education\\ReactLearnOtus\\src\\test\\helpers.tsx": {"path":"C:\\Users\\Dmitriy\\Desktop\\Education\\ReactLearnOtus\\src\\test\\helpers.tsx","statementMap":{"0":{"start":{"line":11,"column":25},"end":{"line":14,"column":1}},"1":{"start":{"line":15,"column":31},"end":{"line":35,"column":1}},"2":{"start":{"line":20,"column":16},"end":{"line":20,"column":56}},"3":{"start":{"line":21,"column":49},"end":{"line":27,"column":3}},"4":{"start":{"line":22,"column":4},"end":{"line":26,"column":6}},"5":{"start":{"line":29,"column":2},"end":{"line":34,"column":4}}},"fnMap":{"0":{"name":"(anonymous_0)","decl":{"start":{"line":15,"column":31},"end":{"line":15,"column":32}},"loc":{"start":{"line":19,"column":5},"end":{"line":35,"column":1}},"line":19},"1":{"name":"(anonymous_1)","decl":{"start":{"line":21,"column":49},"end":{"line":21,"column":50}},"loc":{"start":{"line":21,"column":67},"end":{"line":27,"column":3}},"line":21}},"branchMap":{"0":{"loc":{"start":{"line":20,"column":16},"end":{"line":20,"column":56}},"type":"binary-expr","locations":[{"start":{"line":20,"column":16},"end":{"line":20,"column":28}},{"start":{"line":20,"column":33},"end":{"line":20,"column":55}}],"line":20},"1":{"loc":{"start":{"line":23,"column":23},"end":{"line":23,"column":63}},"type":"binary-expr","locations":[{"start":{"line":23,"column":23},"end":{"line":23,"column":28}},{"start":{"line":23,"column":32},"end":{"line":23,"column":63}}],"line":23}},"s":{"0":4,"1":4,"2":22,"3":22,"4":22,"5":22},"f":{"0":22,"1":22},"b":{"0":[22,4],"1":[22,22]},"_coverageSchema":"1a1c01bbd47fc00a2c39e90264f33305004495a9","hash":"0a0cdb79dd478de2338e015bb17f6d44d44d4677"}
}
