TN:
SF:src\components\Auth\Auth.tsx
FN:13,(anonymous_0)
FNF:1
FNH:1
FNDA:11,(anonymous_0)
DA:13,2
DA:14,11
LF:2
LH:2
BRF:0
BRH:0
end_of_record
TN:
SF:src\components\Auth\AuthContainer.tsx
FN:8,(anonymous_0)
FN:15,(anonymous_1)
FNF:2
FNH:2
FNDA:9,(anonymous_0)
FNDA:1,(anonymous_1)
DA:8,1
DA:9,9
DA:10,9
DA:11,9
DA:13,9
DA:15,9
DA:16,1
DA:17,1
DA:18,1
DA:21,9
LF:10
LH:10
BRDA:18,0,0,1
BRDA:18,0,1,1
BRF:2
BRH:2
end_of_record
TN:
SF:src\components\Auth\AuthProvider.tsx
FN:20,(anonymous_0)
FN:26,(anonymous_1)
FN:27,(anonymous_2)
FNF:3
FNH:2
FNDA:4,(anonymous_0)
FNDA:1,(anonymous_1)
FNDA:0,(anonymous_2)
DA:17,3
DA:20,3
DA:23,4
DA:24,4
DA:26,4
DA:27,4
DA:29,4
LF:7
LH:7
BRF:0
BRH:0
end_of_record
TN:
SF:src\components\HeaderWrap\Header\index.tsx
FN:11,(anonymous_0)
FNF:1
FNH:1
FNDA:4,(anonymous_0)
DA:11,1
DA:12,4
DA:14,4
LF:3
LH:3
BRDA:11,0,0,0
BRDA:20,1,0,4
BRDA:20,1,1,1
BRF:3
BRH:2
end_of_record
TN:
SF:src\components\Main\Card\index.tsx
FN:12,(anonymous_0)
FNF:1
FNH:1
FNDA:291,(anonymous_0)
DA:12,3
DA:18,291
LF:2
LH:2
BRDA:14,0,0,2
BRDA:16,1,0,3
BRDA:20,2,0,61
BRDA:20,2,1,230
BRF:4
BRH:4
end_of_record
TN:
SF:src\components\Main\Cards\Cards.tsx
FN:20,(anonymous_0)
FN:51,(anonymous_1)
FN:52,(anonymous_2)
FN:61,(anonymous_3)
FNF:4
FNH:4
FNDA:32,(anonymous_0)
FNDA:96,(anonymous_1)
FNDA:288,(anonymous_2)
FNDA:11,(anonymous_3)
DA:20,2
DA:31,32
DA:52,96
DA:53,288
DA:61,11
LF:5
LH:5
BRDA:21,0,0,0
BRDA:22,1,0,0
BRDA:27,2,0,0
BRDA:40,3,0,8
BRDA:40,3,1,24
BRDA:47,4,0,32
BRDA:47,4,1,1
BRDA:60,5,0,288
BRDA:60,5,1,243
BRF:9
BRH:6
end_of_record
TN:
SF:src\components\Main\Cards\CardsContainer.tsx
FN:14,(anonymous_0)
FN:31,(anonymous_1)
FNF:2
FNH:2
FNDA:21,(anonymous_0)
FNDA:8,(anonymous_1)
DA:14,1
DA:15,21
DA:16,21
DA:17,21
DA:18,21
DA:19,21
DA:20,21
DA:21,21
DA:28,21
DA:29,21
DA:31,21
DA:32,8
DA:39,21
LF:13
LH:13
BRDA:33,0,0,0
BRDA:33,0,1,8
BRDA:33,1,0,8
BRDA:33,1,1,0
BRF:4
BRH:2
end_of_record
TN:
SF:src\components\Main\Form\Form.tsx
FN:20,(anonymous_0)
FN:37,(anonymous_1)
FNF:2
FNH:2
FNDA:13,(anonymous_0)
FNDA:130,(anonymous_1)
DA:20,2
DA:21,13
DA:38,130
LF:3
LH:3
BRF:0
BRH:0
end_of_record
TN:
SF:src\components\Main\Form\FormContainer.tsx
FN:17,(anonymous_0)
FN:24,(anonymous_1)
FN:29,(anonymous_2)
FN:41,(anonymous_3)
FNF:4
FNH:3
FNDA:11,(anonymous_0)
FNDA:7,(anonymous_1)
FNDA:0,(anonymous_2)
FNDA:11,(anonymous_3)
DA:17,1
DA:18,11
DA:19,11
DA:20,11
DA:21,11
DA:22,11
DA:24,11
DA:25,7
DA:28,11
DA:30,0
DA:31,0
DA:41,11
DA:42,11
DA:48,11
LF:14
LH:12
BRF:0
BRH:0
end_of_record
TN:
SF:src\components\ui\Button.tsx
FN:15,(anonymous_0)
FNF:1
FNH:1
FNDA:61,(anonymous_0)
DA:15,7
DA:22,61
LF:2
LH:2
BRDA:16,0,0,37
BRDA:17,1,0,48
BRF:2
BRH:2
end_of_record
TN:
SF:src\helpers\const.ts
FNF:0
FNH:0
DA:1,8
DA:2,8
DA:3,8
DA:7,8
LF:4
LH:4
BRF:0
BRH:0
end_of_record
TN:
SF:src\helpers\play.ts
FN:6,(anonymous_0)
FN:14,(anonymous_1)
FN:15,(anonymous_2)
FN:25,(anonymous_3)
FN:26,(anonymous_4)
FN:27,(anonymous_5)
FN:35,(anonymous_6)
FN:36,(anonymous_7)
FN:37,(anonymous_8)
FN:46,(anonymous_9)
FN:54,(anonymous_10)
FN:79,(anonymous_11)
FN:83,(anonymous_12)
FN:88,(anonymous_13)
FN:104,(anonymous_14)
FN:106,(anonymous_15)
FN:108,(anonymous_16)
FNF:17
FNH:17
FNDA:7,(anonymous_0)
FNDA:25,(anonymous_1)
FNDA:101,(anonymous_2)
FNDA:25,(anonymous_3)
FNDA:101,(anonymous_4)
FNDA:53,(anonymous_5)
FNDA:9,(anonymous_6)
FNDA:31,(anonymous_7)
FNDA:121,(anonymous_8)
FNDA:104,(anonymous_9)
FNDA:10,(anonymous_10)
FNDA:107,(anonymous_11)
FNDA:10,(anonymous_12)
FNDA:40,(anonymous_13)
FNDA:5,(anonymous_14)
FNDA:30,(anonymous_15)
FNDA:16,(anonymous_16)
DA:6,3
DA:8,7
DA:10,7
DA:12,7
DA:14,7
DA:15,25
DA:16,101
DA:17,101
DA:18,101
DA:22,7
DA:24,7
DA:25,25
DA:26,101
DA:27,53
DA:29,7
DA:35,3
DA:36,31
DA:37,121
DA:46,3
DA:47,104
DA:54,3
DA:59,10
DA:61,1
DA:65,1
DA:67,2
DA:68,2
DA:70,7
DA:72,10
DA:79,3
DA:80,107
DA:83,3
DA:86,10
DA:87,10
DA:92,40
DA:104,3
DA:105,5
DA:106,30
DA:108,16
LF:38
LH:38
BRDA:6,0,0,0
BRDA:6,1,0,5
BRDA:17,2,0,70
BRDA:17,2,1,31
BRDA:35,3,0,0
BRDA:55,4,0,0
BRDA:59,5,0,1
BRDA:59,5,1,2
BRDA:59,5,2,7
BRDA:63,6,0,1
BRDA:63,6,1,0
BRDA:92,7,0,21
BRDA:92,7,1,19
BRDA:92,8,0,40
BRDA:92,8,1,30
BRDA:104,9,0,0
BRDA:104,10,0,0
BRF:17
BRH:11
end_of_record
TN:
SF:src\hooks\useAppDispatch.ts
FN:4,(anonymous_0)
FNF:1
FNH:1
FNDA:36,(anonymous_0)
DA:4,36
DA:5,5
LF:2
LH:2
BRF:0
BRH:0
end_of_record
TN:
SF:src\hooks\useGame.ts
FN:30,(anonymous_0)
FN:39,(anonymous_1)
FN:50,(anonymous_2)
FN:56,(anonymous_3)
FN:56,(anonymous_4)
FN:68,(anonymous_5)
FN:77,(anonymous_6)
FN:81,(anonymous_7)
FNF:8
FNH:7
FNDA:26,(anonymous_0)
FNDA:1,(anonymous_1)
FNDA:21,(anonymous_2)
FNDA:4,(anonymous_3)
FNDA:9,(anonymous_4)
FNDA:11,(anonymous_5)
FNDA:0,(anonymous_6)
FNDA:1,(anonymous_7)
DA:30,2
DA:37,26
DA:39,26
DA:40,1
DA:41,0
DA:43,1
DA:44,1
DA:50,26
DA:51,21
DA:56,9
DA:57,1
DA:58,1
DA:60,1
DA:61,1
DA:63,2
DA:67,26
DA:69,11
DA:70,2
DA:72,9
DA:77,26
DA:78,0
DA:81,26
DA:82,1
DA:85,26
LF:24
LH:22
BRDA:31,0,0,5
BRDA:32,1,0,3
BRDA:33,2,0,5
BRDA:40,3,0,0
BRDA:40,3,1,1
BRDA:51,4,0,2
BRDA:51,4,1,19
BRDA:52,5,0,21
BRDA:52,5,1,8
BRDA:52,5,2,4
BRDA:56,6,0,1
BRDA:56,6,1,1
BRDA:69,7,0,2
BRDA:69,7,1,9
BRDA:69,8,0,11
BRDA:69,8,1,9
BRF:16
BRH:15
end_of_record
TN:
SF:src\hooks\useInput.ts
FN:3,(anonymous_0)
FN:9,(anonymous_1)
FNF:2
FNH:2
FNDA:31,(anonymous_0)
FNDA:16,(anonymous_1)
DA:3,2
DA:6,31
DA:8,31
DA:10,16
DA:11,8
DA:12,8
DA:14,8
DA:15,8
DA:16,8
DA:17,8
DA:23,31
LF:11
LH:11
BRDA:10,0,0,8
BRDA:10,0,1,8
BRDA:14,1,0,8
BRDA:14,1,1,0
BRF:4
BRH:3
end_of_record
TN:
SF:src\mocks\cards.ts
FNF:0
FNH:0
DA:3,2
LF:1
LH:1
BRF:0
BRH:0
end_of_record
TN:
SF:src\store\store.ts
FNF:0
FNH:0
DA:8,4
DA:13,4
DA:18,4
DA:20,4
DA:25,4
DA:27,4
LF:6
LH:6
BRF:0
BRH:0
end_of_record
TN:
SF:src\store\middlewares\locaStorageMiddleware.ts
FN:4,(anonymous_0)
FN:5,(anonymous_1)
FN:6,(anonymous_2)
FNF:3
FNH:3
FNDA:1,(anonymous_0)
FNDA:1,(anonymous_1)
FNDA:1,(anonymous_2)
DA:4,1
DA:5,1
DA:6,1
DA:7,1
DA:8,1
LF:5
LH:5
BRF:0
BRH:0
end_of_record
TN:
SF:src\store\reducers\rootReducer.ts
FNF:0
FNH:0
DA:7,4
DA:12,4
LF:2
LH:2
BRF:0
BRH:0
end_of_record
TN:
SF:src\store\reducers\auth\authSlice.ts
FN:19,(anonymous_0)
FN:22,(anonymous_1)
FNF:2
FNH:2
FNDA:2,(anonymous_0)
FNDA:1,(anonymous_1)
DA:9,7
DA:15,7
DA:20,2
DA:23,1
DA:28,7
LF:5
LH:5
BRF:0
BRH:0
end_of_record
TN:
SF:src\store\reducers\auth\selector.ts
FN:3,(anonymous_0)
FNF:1
FNH:1
FNDA:4,(anonymous_0)
DA:3,4
LF:1
LH:1
BRF:0
BRH:0
end_of_record
TN:
SF:src\store\reducers\game\gameSlice.ts
FN:33,(anonymous_0)
FN:39,(anonymous_1)
FN:42,(anonymous_2)
FN:45,(anonymous_3)
FN:48,(anonymous_4)
FN:54,(anonymous_5)
FN:57,(anonymous_6)
FN:60,(anonymous_7)
FN:63,(anonymous_8)
FN:68,(anonymous_9)
FN:73,(anonymous_10)
FN:78,(anonymous_11)
FN:83,(anonymous_12)
FN:86,(anonymous_13)
FNF:14
FNH:10
FNDA:1,(anonymous_0)
FNDA:0,(anonymous_1)
FNDA:0,(anonymous_2)
FNDA:2,(anonymous_3)
FNDA:2,(anonymous_4)
FNDA:1,(anonymous_5)
FNDA:0,(anonymous_6)
FNDA:9,(anonymous_7)
FNDA:0,(anonymous_8)
FNDA:1,(anonymous_9)
FNDA:1,(anonymous_10)
FNDA:3,(anonymous_11)
FNDA:1,(anonymous_12)
FNDA:1,(anonymous_13)
DA:13,8
DA:29,8
DA:37,1
DA:40,0
DA:43,0
DA:46,2
DA:52,2
DA:55,1
DA:58,0
DA:61,9
DA:64,0
DA:65,0
DA:66,0
DA:69,1
DA:70,1
DA:71,1
DA:74,1
DA:75,1
DA:76,1
DA:79,3
DA:80,3
DA:81,3
DA:84,1
DA:87,1
DA:107,8
LF:25
LH:19
BRF:0
BRH:0
end_of_record
TN:
SF:src\store\reducers\game\selectors.ts
FN:3,(anonymous_0)
FN:4,(anonymous_1)
FN:5,(anonymous_2)
FN:6,(anonymous_3)
FN:7,(anonymous_4)
FN:8,(anonymous_5)
FN:9,(anonymous_6)
FNF:7
FNH:5
FNDA:0,(anonymous_0)
FNDA:38,(anonymous_1)
FNDA:45,(anonymous_2)
FNDA:20,(anonymous_3)
FNDA:46,(anonymous_4)
FNDA:0,(anonymous_5)
FNDA:53,(anonymous_6)
DA:3,2
DA:4,38
DA:5,45
DA:6,20
DA:7,46
DA:8,2
DA:9,53
LF:7
LH:7
BRF:0
BRH:0
end_of_record
TN:
SF:src\store\saga\rootSaga.ts
FN:5,rootSaga
FNF:1
FNH:1
FNDA:4,rootSaga
DA:6,4
LF:1
LH:1
BRF:0
BRH:0
end_of_record
TN:
SF:src\store\saga\actions\types.ts
FNF:0
FNH:0
DA:1,8
DA:2,8
LF:2
LH:2
BRF:0
BRH:0
end_of_record
TN:
SF:src\store\saga\auth\authSaga.ts
FN:6,logoutSaga
FN:7,(anonymous_1)
FNF:2
FNH:2
FNDA:5,logoutSaga
FNDA:1,(anonymous_1)
DA:7,5
DA:8,1
DA:9,1
LF:3
LH:3
BRF:0
BRH:0
end_of_record
TN:
SF:src\store\saga\game\gameSaga.ts
FN:15,delaySaga
FN:19,startPlaySaga
FN:22,(anonymous_2)
FN:39,endOldGame
FNF:4
FNH:2
FNDA:0,delaySaga
FNDA:5,startPlaySaga
FNDA:1,(anonymous_2)
FNDA:0,endOldGame
DA:16,0
DA:20,5
DA:28,1
DA:29,1
DA:30,1
DA:31,1
DA:32,1
DA:33,1
DA:34,1
DA:40,0
DA:41,0
LF:11
LH:8
BRF:0
BRH:0
end_of_record
TN:
SF:src\test\helpers.tsx
FN:15,(anonymous_0)
FN:21,(anonymous_1)
FNF:2
FNH:2
FNDA:22,(anonymous_0)
FNDA:22,(anonymous_1)
DA:11,4
DA:15,4
DA:20,22
DA:21,22
DA:22,22
DA:29,22
LF:6
LH:6
BRDA:20,0,0,22
BRDA:20,0,1,4
BRDA:23,1,0,22
BRDA:23,1,1,22
BRF:4
BRH:4
end_of_record
